<?xml version="1.0" encoding="UTF-8"?>
<coverage generated="1762268460840" clover="3.2.0">
  <project timestamp="1762268460840" name="All files">
    <metrics statements="629" coveredstatements="429" conditionals="444" coveredconditionals="229" methods="104" coveredmethods="69" elements="1177" coveredelements="727" complexity="0" loc="629" ncloc="629" packages="4" files="12" classes="12"/>
    <package name="components.ui">
      <metrics statements="20" coveredstatements="20" conditionals="5" coveredconditionals="3" methods="5" coveredmethods="5"/>
      <file name="badge.tsx" path="/Users/artembutko/Desktop/teacher /windexs-ai-learn/src/components/ui/badge.tsx">
        <metrics statements="1" coveredstatements="1" conditionals="0" coveredconditionals="0" methods="1" coveredmethods="1"/>
        <line num="6" count="2" type="stmt"/>
      </file>
      <file name="button.tsx" path="/Users/artembutko/Desktop/teacher /windexs-ai-learn/src/components/ui/button.tsx">
        <metrics statements="4" coveredstatements="4" conditionals="3" coveredconditionals="2" methods="1" coveredmethods="1"/>
        <line num="7" count="2" type="stmt"/>
        <line num="39" count="2" type="stmt"/>
        <line num="41" count="354" type="cond" truecount="1" falsecount="1"/>
        <line num="45" count="2" type="stmt"/>
      </file>
      <file name="card.tsx" path="/Users/artembutko/Desktop/teacher /windexs-ai-learn/src/components/ui/card.tsx">
        <metrics statements="6" coveredstatements="6" conditionals="0" coveredconditionals="0" methods="0" coveredmethods="0"/>
        <line num="8" count="2" type="stmt"/>
        <line num="15" count="2" type="stmt"/>
        <line num="22" count="2" type="stmt"/>
        <line num="29" count="2" type="stmt"/>
        <line num="34" count="2" type="stmt"/>
        <line num="41" count="2" type="stmt"/>
      </file>
      <file name="label.tsx" path="/Users/artembutko/Desktop/teacher /windexs-ai-learn/src/components/ui/label.tsx">
        <metrics statements="2" coveredstatements="2" conditionals="0" coveredconditionals="0" methods="0" coveredmethods="0"/>
        <line num="7" count="2" type="stmt"/>
        <line num="15" count="2" type="stmt"/>
      </file>
      <file name="progress.tsx" path="/Users/artembutko/Desktop/teacher /windexs-ai-learn/src/components/ui/progress.tsx">
        <metrics statements="1" coveredstatements="1" conditionals="2" coveredconditionals="1" methods="0" coveredmethods="0"/>
        <line num="21" count="2" type="stmt"/>
      </file>
      <file name="radio-group.tsx" path="/Users/artembutko/Desktop/teacher /windexs-ai-learn/src/components/ui/radio-group.tsx">
        <metrics statements="4" coveredstatements="4" conditionals="0" coveredconditionals="0" methods="2" coveredmethods="2"/>
        <line num="7" count="2" type="stmt"/>
        <line num="13" count="2" type="stmt"/>
        <line num="15" count="2" type="stmt"/>
        <line num="34" count="2" type="stmt"/>
      </file>
      <file name="textarea.tsx" path="/Users/artembutko/Desktop/teacher /windexs-ai-learn/src/components/ui/textarea.tsx">
        <metrics statements="2" coveredstatements="2" conditionals="0" coveredconditionals="0" methods="1" coveredmethods="1"/>
        <line num="7" count="2" type="stmt"/>
        <line num="19" count="2" type="stmt"/>
      </file>
    </package>
    <package name="contexts">
      <metrics statements="230" coveredstatements="173" conditionals="173" coveredconditionals="98" methods="43" coveredmethods="30"/>
      <file name="AuthContext.tsx" path="/Users/artembutko/Desktop/teacher /windexs-ai-learn/src/contexts/AuthContext.tsx">
        <metrics statements="230" coveredstatements="173" conditionals="173" coveredconditionals="98" methods="43" coveredmethods="30"/>
        <line num="154" count="6" type="stmt"/>
        <line num="156" count="6" type="stmt"/>
        <line num="157" count="158" type="stmt"/>
        <line num="158" count="158" type="cond" truecount="1" falsecount="1"/>
        <line num="159" count="0" type="stmt"/>
        <line num="161" count="158" type="stmt"/>
        <line num="167" count="6" type="stmt"/>
        <line num="221" count="6" type="stmt"/>
        <line num="222" count="89" type="stmt"/>
        <line num="225" count="89" type="stmt"/>
        <line num="226" count="48" type="stmt"/>
        <line num="227" count="48" type="cond" truecount="2" falsecount="0"/>
        <line num="228" count="12" type="stmt"/>
        <line num="229" count="12" type="stmt"/>
        <line num="231" count="2" type="stmt"/>
        <line num="232" count="2" type="stmt"/>
        <line num="237" count="89" type="stmt"/>
        <line num="247" count="89" type="stmt"/>
        <line num="529" count="89" type="stmt"/>
        <line num="539" count="89" type="stmt"/>
        <line num="541" count="6" type="cond" truecount="4" falsecount="0"/>
        <line num="542" count="5" type="stmt"/>
        <line num="543" count="5" type="cond" truecount="1" falsecount="1"/>
        <line num="544" count="0" type="stmt"/>
        <line num="546" count="0" type="cond" truecount="0" falsecount="2"/>
        <line num="547" count="0" type="stmt"/>
        <line num="549" count="0" type="cond" truecount="0" falsecount="2"/>
        <line num="550" count="0" type="stmt"/>
        <line num="552" count="0" type="cond" truecount="0" falsecount="2"/>
        <line num="553" count="0" type="stmt"/>
        <line num="555" count="0" type="cond" truecount="0" falsecount="2"/>
        <line num="556" count="0" type="stmt"/>
        <line num="558" count="0" type="stmt"/>
        <line num="560" count="0" type="stmt"/>
        <line num="561" count="0" type="stmt"/>
        <line num="564" count="5" type="stmt"/>
        <line num="580" count="5" type="stmt"/>
        <line num="581" count="5" type="stmt"/>
        <line num="583" count="5" type="stmt"/>
        <line num="585" count="1" type="stmt"/>
        <line num="588" count="89" type="stmt"/>
        <line num="590" count="11" type="cond" truecount="5" falsecount="0"/>
        <line num="591" count="9" type="stmt"/>
        <line num="609" count="9" type="stmt"/>
        <line num="610" count="9" type="stmt"/>
        <line num="612" count="9" type="stmt"/>
        <line num="613" count="9" type="stmt"/>
        <line num="615" count="2" type="stmt"/>
        <line num="618" count="89" type="stmt"/>
        <line num="619" count="4" type="cond" truecount="2" falsecount="0"/>
        <line num="621" count="1" type="stmt"/>
        <line num="623" count="1" type="cond" truecount="1" falsecount="1"/>
        <line num="626" count="4" type="stmt"/>
        <line num="634" count="4" type="stmt"/>
        <line num="641" count="4" type="stmt"/>
        <line num="643" count="1" type="stmt"/>
        <line num="646" count="1" type="cond" truecount="2" falsecount="0"/>
        <line num="647" count="4" type="stmt"/>
        <line num="649" count="4" type="cond" truecount="2" falsecount="0"/>
        <line num="650" count="1" type="stmt"/>
        <line num="665" count="1" type="stmt"/>
        <line num="668" count="1" type="stmt"/>
        <line num="674" count="4" type="stmt"/>
        <line num="675" count="4" type="stmt"/>
        <line num="678" count="89" type="stmt"/>
        <line num="679" count="1" type="stmt"/>
        <line num="681" count="1" type="stmt"/>
        <line num="682" count="1" type="cond" truecount="1" falsecount="1"/>
        <line num="683" count="0" type="stmt"/>
        <line num="684" count="0" type="stmt"/>
        <line num="687" count="0" type="stmt"/>
        <line num="692" count="0" type="stmt"/>
        <line num="693" count="0" type="cond" truecount="0" falsecount="2"/>
        <line num="694" count="0" type="stmt"/>
        <line num="703" count="1" type="stmt"/>
        <line num="774" count="1" type="cond" truecount="1" falsecount="1"/>
        <line num="775" count="0" type="stmt"/>
        <line num="778" count="1" type="stmt"/>
        <line num="779" count="1" type="stmt"/>
        <line num="782" count="1" type="stmt"/>
        <line num="783" count="1" type="cond" truecount="0" falsecount="2"/>
        <line num="785" count="0" type="stmt"/>
        <line num="786" count="0" type="stmt"/>
        <line num="787" count="0" type="stmt"/>
        <line num="788" count="0" type="stmt"/>
        <line num="794" count="0" type="cond" truecount="0" falsecount="2"/>
        <line num="795" count="0" type="stmt"/>
        <line num="798" count="0" type="stmt"/>
        <line num="804" count="1" type="stmt"/>
        <line num="806" count="1" type="cond" truecount="1" falsecount="1"/>
        <line num="809" count="1" type="stmt"/>
        <line num="814" count="1" type="stmt"/>
        <line num="815" count="1" type="stmt"/>
        <line num="846" count="1" type="cond" truecount="2" falsecount="0"/>
        <line num="855" count="1" type="stmt"/>
        <line num="862" count="1" type="stmt"/>
        <line num="871" count="89" type="stmt"/>
        <line num="872" count="2" type="stmt"/>
        <line num="873" count="2" type="stmt"/>
        <line num="876" count="89" type="stmt"/>
        <line num="877" count="5" type="cond" truecount="2" falsecount="0"/>
        <line num="879" count="4" type="stmt"/>
        <line num="887" count="5" type="stmt"/>
        <line num="888" count="5" type="stmt"/>
        <line num="891" count="89" type="stmt"/>
        <line num="892" count="2" type="cond" truecount="1" falsecount="1"/>
        <line num="894" count="2" type="stmt"/>
        <line num="895" count="2" type="cond" truecount="2" falsecount="0"/>
        <line num="897" count="2" type="cond" truecount="1" falsecount="1"/>
        <line num="898" count="2" type="stmt"/>
        <line num="906" count="0" type="stmt"/>
        <line num="915" count="2" type="stmt"/>
        <line num="916" count="2" type="stmt"/>
        <line num="919" count="2" type="stmt"/>
        <line num="923" count="89" type="stmt"/>
        <line num="924" count="1" type="cond" truecount="1" falsecount="1"/>
        <line num="927" count="1" type="cond" truecount="1" falsecount="1"/>
        <line num="928" count="1" type="stmt"/>
        <line num="930" count="1" type="cond" truecount="1" falsecount="1"/>
        <line num="931" count="1" type="stmt"/>
        <line num="933" count="1" type="cond" truecount="1" falsecount="1"/>
        <line num="935" count="1" type="stmt"/>
        <line num="940" count="1" type="stmt"/>
        <line num="949" count="1" type="stmt"/>
        <line num="950" count="1" type="stmt"/>
        <line num="954" count="89" type="stmt"/>
        <line num="955" count="0" type="cond" truecount="0" falsecount="2"/>
        <line num="957" count="0" type="stmt"/>
        <line num="958" count="0" type="cond" truecount="0" falsecount="2"/>
        <line num="960" count="0" type="stmt"/>
        <line num="971" count="0" type="stmt"/>
        <line num="972" count="0" type="stmt"/>
        <line num="975" count="89" type="stmt"/>
        <line num="976" count="0" type="cond" truecount="0" falsecount="4"/>
        <line num="978" count="0" type="cond" truecount="0" falsecount="2"/>
        <line num="979" count="0" type="cond" truecount="0" falsecount="2"/>
        <line num="981" count="0" type="cond" truecount="0" falsecount="2"/>
        <line num="982" count="0" type="stmt"/>
        <line num="983" count="0" type="stmt"/>
        <line num="987" count="0" type="stmt"/>
        <line num="988" count="0" type="stmt"/>
        <line num="990" count="0" type="stmt"/>
        <line num="999" count="0" type="stmt"/>
        <line num="1004" count="0" type="stmt"/>
        <line num="1005" count="0" type="stmt"/>
        <line num="1007" count="0" type="stmt"/>
        <line num="1010" count="89" type="stmt"/>
        <line num="1011" count="0" type="cond" truecount="0" falsecount="4"/>
        <line num="1013" count="0" type="stmt"/>
        <line num="1015" count="0" type="cond" truecount="0" falsecount="2"/>
        <line num="1018" count="0" type="stmt"/>
        <line num="1019" count="0" type="stmt"/>
        <line num="1022" count="89" type="stmt"/>
        <line num="1023" count="0" type="cond" truecount="0" falsecount="2"/>
        <line num="1025" count="0" type="stmt"/>
        <line num="1033" count="0" type="stmt"/>
        <line num="1034" count="0" type="stmt"/>
        <line num="1037" count="89" type="stmt"/>
        <line num="1038" count="1" type="cond" truecount="1" falsecount="1"/>
        <line num="1040" count="1" type="stmt"/>
        <line num="1042" count="1" type="cond" truecount="1" falsecount="1"/>
        <line num="1049" count="1" type="stmt"/>
        <line num="1050" count="1" type="stmt"/>
        <line num="1053" count="89" type="stmt"/>
        <line num="1054" count="2" type="cond" truecount="1" falsecount="1"/>
        <line num="1056" count="2" type="cond" truecount="1" falsecount="1"/>
        <line num="1057" count="2" type="stmt"/>
        <line num="1059" count="2" type="cond" truecount="1" falsecount="1"/>
        <line num="1060" count="0" type="stmt"/>
        <line num="1066" count="2" type="stmt"/>
        <line num="1073" count="2" type="stmt"/>
        <line num="1078" count="2" type="stmt"/>
        <line num="1079" count="2" type="stmt"/>
        <line num="1082" count="2" type="stmt"/>
        <line num="1085" count="89" type="stmt"/>
        <line num="1086" count="14" type="cond" truecount="2" falsecount="0"/>
        <line num="1088" count="6" type="cond" truecount="2" falsecount="0"/>
        <line num="1089" count="14" type="cond" truecount="2" falsecount="0"/>
        <line num="1090" count="14" type="cond" truecount="1" falsecount="1"/>
        <line num="1091" count="14" type="cond" truecount="1" falsecount="1"/>
        <line num="1093" count="14" type="stmt"/>
        <line num="1094" count="14" type="stmt"/>
        <line num="1096" count="14" type="stmt"/>
        <line num="1097" count="77" type="stmt"/>
        <line num="1098" count="77" type="cond" truecount="2" falsecount="0"/>
        <line num="1100" count="77" type="stmt"/>
        <line num="1102" count="77" type="cond" truecount="16" falsecount="0"/>
        <line num="1104" count="3" type="stmt"/>
        <line num="1105" count="3" type="stmt"/>
        <line num="1107" count="3" type="stmt"/>
        <line num="1108" count="3" type="stmt"/>
        <line num="1110" count="3" type="stmt"/>
        <line num="1111" count="3" type="stmt"/>
        <line num="1113" count="3" type="stmt"/>
        <line num="1114" count="3" type="stmt"/>
        <line num="1116" count="3" type="stmt"/>
        <line num="1117" count="3" type="stmt"/>
        <line num="1119" count="3" type="stmt"/>
        <line num="1120" count="3" type="stmt"/>
        <line num="1122" count="3" type="stmt"/>
        <line num="1123" count="3" type="stmt"/>
        <line num="1125" count="3" type="stmt"/>
        <line num="1126" count="3" type="stmt"/>
        <line num="1128" count="3" type="stmt"/>
        <line num="1129" count="3" type="stmt"/>
        <line num="1131" count="3" type="stmt"/>
        <line num="1132" count="3" type="stmt"/>
        <line num="1134" count="3" type="stmt"/>
        <line num="1135" count="3" type="stmt"/>
        <line num="1137" count="61" type="cond" truecount="2" falsecount="0"/>
        <line num="1138" count="3" type="stmt"/>
        <line num="1140" count="75" type="stmt"/>
        <line num="1141" count="3" type="stmt"/>
        <line num="1143" count="75" type="stmt"/>
        <line num="1144" count="3" type="stmt"/>
        <line num="1146" count="75" type="stmt"/>
        <line num="1147" count="3" type="stmt"/>
        <line num="1149" count="32" type="stmt"/>
        <line num="1152" count="77" type="cond" truecount="4" falsecount="0"/>
        <line num="1153" count="5" type="stmt"/>
        <line num="1154" count="5" type="stmt"/>
        <line num="1155" count="5" type="stmt"/>
        <line num="1162" count="72" type="stmt"/>
        <line num="1165" count="14" type="cond" truecount="2" falsecount="0"/>
        <line num="1166" count="77" type="stmt"/>
        <line num="1167" count="77" type="stmt"/>
        <line num="1169" count="5" type="stmt"/>
        <line num="1178" count="5" type="stmt"/>
        <line num="1179" count="5" type="stmt"/>
        <line num="1183" count="89" type="stmt"/>
      </file>
    </package>
    <package name="lib">
      <metrics statements="214" coveredstatements="145" conditionals="141" coveredconditionals="77" methods="17" coveredmethods="17"/>
      <file name="CEFRUtils.ts" path="/Users/artembutko/Desktop/teacher /windexs-ai-learn/src/lib/CEFRUtils.ts">
        <metrics statements="13" coveredstatements="13" conditionals="10" coveredconditionals="10" methods="3" coveredmethods="3"/>
        <line num="3" count="3" type="stmt"/>
        <line num="4" count="162" type="stmt"/>
        <line num="12" count="162" type="stmt"/>
        <line num="15" count="3" type="stmt"/>
        <line num="16" count="168" type="stmt"/>
        <line num="24" count="168" type="stmt"/>
        <line num="27" count="3" type="stmt"/>
        <line num="28" count="129" type="cond" truecount="2" falsecount="0"/>
        <line num="29" count="112" type="cond" truecount="2" falsecount="0"/>
        <line num="30" count="98" type="cond" truecount="2" falsecount="0"/>
        <line num="31" count="84" type="cond" truecount="2" falsecount="0"/>
        <line num="32" count="70" type="cond" truecount="2" falsecount="0"/>
        <line num="33" count="46" type="stmt"/>
      </file>
      <file name="numbersToWords.ts" path="/Users/artembutko/Desktop/teacher /windexs-ai-learn/src/lib/numbersToWords.ts">
        <metrics statements="200" coveredstatements="131" conditionals="131" coveredconditionals="67" methods="13" coveredmethods="13"/>
        <line num="3" count="1" type="stmt"/>
        <line num="4" count="1" type="stmt"/>
        <line num="5" count="1" type="stmt"/>
        <line num="6" count="1" type="stmt"/>
        <line num="7" count="1" type="stmt"/>
        <line num="9" count="1" type="stmt"/>
        <line num="10" count="1" type="stmt"/>
        <line num="13" count="21" type="cond" truecount="2" falsecount="0"/>
        <line num="14" count="13" type="cond" truecount="4" falsecount="0"/>
        <line num="15" count="5" type="stmt"/>
        <line num="19" count="4" type="cond" truecount="2" falsecount="0"/>
        <line num="20" count="2" type="cond" truecount="4" falsecount="0"/>
        <line num="21" count="1" type="stmt"/>
        <line num="26" count="21" type="cond" truecount="1" falsecount="1"/>
        <line num="28" count="21" type="stmt"/>
        <line num="31" count="21" type="stmt"/>
        <line num="32" count="21" type="cond" truecount="2" falsecount="0"/>
        <line num="33" count="2" type="stmt"/>
        <line num="37" count="21" type="stmt"/>
        <line num="38" count="21" type="cond" truecount="1" falsecount="1"/>
        <line num="39" count="0" type="stmt"/>
        <line num="42" count="21" type="cond" truecount="2" falsecount="0"/>
        <line num="43" count="17" type="stmt"/>
        <line num="44" count="4" type="cond" truecount="2" falsecount="0"/>
        <line num="45" count="2" type="stmt"/>
        <line num="47" count="2" type="stmt"/>
        <line num="48" count="2" type="stmt"/>
        <line num="49" count="2" type="stmt"/>
        <line num="50" count="2" type="cond" truecount="1" falsecount="1"/>
        <line num="51" count="2" type="stmt"/>
        <line num="55" count="21" type="stmt"/>
        <line num="59" count="50" type="cond" truecount="1" falsecount="1"/>
        <line num="61" count="50" type="stmt"/>
        <line num="64" count="50" type="stmt"/>
        <line num="65" count="50" type="cond" truecount="2" falsecount="0"/>
        <line num="66" count="22" type="stmt"/>
        <line num="70" count="50" type="stmt"/>
        <line num="71" count="50" type="cond" truecount="2" falsecount="0"/>
        <line num="72" count="7" type="stmt"/>
        <line num="75" count="43" type="cond" truecount="2" falsecount="0"/>
        <line num="76" count="1" type="stmt"/>
        <line num="77" count="42" type="cond" truecount="2" falsecount="0"/>
        <line num="78" count="6" type="stmt"/>
        <line num="79" count="36" type="cond" truecount="2" falsecount="0"/>
        <line num="80" count="2" type="stmt"/>
        <line num="82" count="34" type="stmt"/>
        <line num="83" count="34" type="stmt"/>
        <line num="84" count="34" type="stmt"/>
        <line num="85" count="34" type="cond" truecount="2" falsecount="0"/>
        <line num="86" count="21" type="stmt"/>
        <line num="90" count="43" type="stmt"/>
        <line num="94" count="57" type="cond" truecount="2" falsecount="0"/>
        <line num="95" count="56" type="cond" truecount="1" falsecount="1"/>
        <line num="97" count="56" type="stmt"/>
        <line num="98" count="56" type="stmt"/>
        <line num="101" count="56" type="stmt"/>
        <line num="102" count="56" type="cond" truecount="2" falsecount="0"/>
        <line num="103" count="4" type="stmt"/>
        <line num="104" count="4" type="stmt"/>
        <line num="108" count="56" type="stmt"/>
        <line num="109" count="56" type="cond" truecount="2" falsecount="0"/>
        <line num="110" count="21" type="stmt"/>
        <line num="111" count="21" type="stmt"/>
        <line num="115" count="56" type="cond" truecount="2" falsecount="0"/>
        <line num="116" count="46" type="stmt"/>
        <line num="119" count="56" type="stmt"/>
        <line num="123" count="1" type="stmt"/>
        <line num="138" count="1" type="stmt"/>
        <line num="155" count="5" type="stmt"/>
        <line num="164" count="5" type="cond" truecount="3" falsecount="1"/>
        <line num="165" count="5" type="stmt"/>
        <line num="167" count="0" type="stmt"/>
        <line num="174" count="14" type="stmt"/>
        <line num="176" count="14" type="stmt"/>
        <line num="177" count="5" type="stmt"/>
        <line num="178" count="5" type="stmt"/>
        <line num="180" count="5" type="stmt"/>
        <line num="181" count="5" type="cond" truecount="1" falsecount="1"/>
        <line num="184" count="5" type="stmt"/>
        <line num="185" count="5" type="stmt"/>
        <line num="186" count="5" type="stmt"/>
        <line num="188" count="5" type="cond" truecount="3" falsecount="1"/>
        <line num="189" count="0" type="stmt"/>
        <line num="191" count="5" type="cond" truecount="3" falsecount="7"/>
        <line num="192" count="2" type="stmt"/>
        <line num="193" count="0" type="stmt"/>
        <line num="194" count="2" type="stmt"/>
        <line num="195" count="1" type="stmt"/>
        <line num="196" count="0" type="stmt"/>
        <line num="197" count="0" type="stmt"/>
        <line num="198" count="0" type="stmt"/>
        <line num="199" count="0" type="stmt"/>
        <line num="200" count="0" type="stmt"/>
        <line num="201" count="0" type="stmt"/>
        <line num="205" count="5" type="stmt"/>
        <line num="211" count="6" type="stmt"/>
        <line num="214" count="6" type="stmt"/>
        <line num="215" count="6" type="stmt"/>
        <line num="218" count="6" type="cond" truecount="1" falsecount="1"/>
        <line num="219" count="6" type="stmt"/>
        <line num="220" count="6" type="stmt"/>
        <line num="222" count="6" type="cond" truecount="2" falsecount="0"/>
        <line num="224" count="3" type="stmt"/>
        <line num="225" count="3" type="stmt"/>
        <line num="226" count="3" type="cond" truecount="1" falsecount="1"/>
        <line num="228" count="0" type="stmt"/>
        <line num="229" count="0" type="stmt"/>
        <line num="230" count="3" type="cond" truecount="1" falsecount="1"/>
        <line num="232" count="3" type="stmt"/>
        <line num="233" count="3" type="stmt"/>
        <line num="234" count="0" type="cond" truecount="0" falsecount="2"/>
        <line num="236" count="0" type="stmt"/>
        <line num="237" count="0" type="stmt"/>
        <line num="242" count="0" type="cond" truecount="0" falsecount="2"/>
        <line num="243" count="0" type="stmt"/>
        <line num="245" count="0" type="cond" truecount="0" falsecount="2"/>
        <line num="246" count="0" type="stmt"/>
        <line num="248" count="0" type="cond" truecount="0" falsecount="2"/>
        <line num="249" count="0" type="stmt"/>
        <line num="253" count="0" type="stmt"/>
        <line num="255" count="0" type="cond" truecount="0" falsecount="4"/>
        <line num="257" count="0" type="stmt"/>
        <line num="259" count="0" type="cond" truecount="0" falsecount="10"/>
        <line num="261" count="0" type="stmt"/>
        <line num="263" count="0" type="cond" truecount="0" falsecount="2"/>
        <line num="264" count="0" type="stmt"/>
        <line num="266" count="0" type="stmt"/>
        <line num="268" count="0" type="stmt"/>
        <line num="269" count="0" type="cond" truecount="0" falsecount="2"/>
        <line num="270" count="0" type="stmt"/>
        <line num="272" count="0" type="stmt"/>
        <line num="274" count="0" type="stmt"/>
        <line num="275" count="0" type="cond" truecount="0" falsecount="2"/>
        <line num="276" count="0" type="stmt"/>
        <line num="278" count="0" type="stmt"/>
        <line num="280" count="0" type="stmt"/>
        <line num="281" count="0" type="cond" truecount="0" falsecount="2"/>
        <line num="282" count="0" type="stmt"/>
        <line num="284" count="0" type="stmt"/>
        <line num="286" count="0" type="stmt"/>
        <line num="287" count="0" type="cond" truecount="0" falsecount="2"/>
        <line num="288" count="0" type="stmt"/>
        <line num="290" count="0" type="stmt"/>
        <line num="292" count="0" type="stmt"/>
        <line num="293" count="0" type="cond" truecount="0" falsecount="2"/>
        <line num="294" count="0" type="stmt"/>
        <line num="296" count="0" type="stmt"/>
        <line num="298" count="0" type="stmt"/>
        <line num="299" count="0" type="cond" truecount="0" falsecount="2"/>
        <line num="300" count="0" type="stmt"/>
        <line num="302" count="0" type="stmt"/>
        <line num="304" count="0" type="stmt"/>
        <line num="305" count="0" type="cond" truecount="0" falsecount="2"/>
        <line num="306" count="0" type="stmt"/>
        <line num="308" count="0" type="stmt"/>
        <line num="310" count="0" type="stmt"/>
        <line num="311" count="0" type="cond" truecount="0" falsecount="2"/>
        <line num="312" count="0" type="stmt"/>
        <line num="314" count="0" type="stmt"/>
        <line num="316" count="0" type="stmt"/>
        <line num="317" count="0" type="cond" truecount="0" falsecount="2"/>
        <line num="318" count="0" type="stmt"/>
        <line num="320" count="0" type="stmt"/>
        <line num="325" count="0" type="cond" truecount="0" falsecount="2"/>
        <line num="326" count="0" type="stmt"/>
        <line num="330" count="0" type="stmt"/>
        <line num="338" count="14" type="stmt"/>
        <line num="340" count="14" type="stmt"/>
        <line num="342" count="3" type="cond" truecount="4" falsecount="1"/>
        <line num="343" count="0" type="stmt"/>
        <line num="346" count="3" type="stmt"/>
        <line num="347" count="3" type="stmt"/>
        <line num="349" count="3" type="stmt"/>
        <line num="354" count="14" type="stmt"/>
        <line num="357" count="14" type="stmt"/>
        <line num="360" count="14" type="stmt"/>
        <line num="363" count="14" type="stmt"/>
        <line num="364" count="14" type="stmt"/>
        <line num="365" count="6" type="stmt"/>
        <line num="367" count="6" type="cond" truecount="4" falsecount="0"/>
        <line num="368" count="5" type="stmt"/>
        <line num="370" count="1" type="stmt"/>
        <line num="373" count="14" type="stmt"/>
        <line num="377" count="1" type="cond" truecount="1" falsecount="1"/>
        <line num="378" count="1" type="stmt"/>
        <line num="379" count="1" type="stmt"/>
        <line num="380" count="1" type="stmt"/>
        <line num="381" count="1" type="stmt"/>
        <line num="382" count="1" type="stmt"/>
        <line num="383" count="1" type="stmt"/>
        <line num="384" count="1" type="stmt"/>
        <line num="386" count="1" type="stmt"/>
        <line num="387" count="1" type="stmt"/>
        <line num="388" count="1" type="stmt"/>
        <line num="389" count="1" type="stmt"/>
        <line num="390" count="1" type="stmt"/>
        <line num="392" count="1" type="stmt"/>
        <line num="393" count="1" type="stmt"/>
        <line num="394" count="1" type="stmt"/>
        <line num="395" count="1" type="stmt"/>
      </file>
      <file name="utils.ts" path="/Users/artembutko/Desktop/teacher /windexs-ai-learn/src/lib/utils.ts">
        <metrics statements="1" coveredstatements="1" conditionals="0" coveredconditionals="0" methods="1" coveredmethods="1"/>
        <line num="5" count="1191" type="stmt"/>
      </file>
    </package>
    <package name="pages">
      <metrics statements="165" coveredstatements="91" conditionals="125" coveredconditionals="51" methods="39" coveredmethods="17"/>
      <file name="Assessment.tsx" path="/Users/artembutko/Desktop/teacher /windexs-ai-learn/src/pages/Assessment.tsx">
        <metrics statements="165" coveredstatements="91" conditionals="125" coveredconditionals="51" methods="39" coveredmethods="17"/>
        <line num="30" count="2" type="stmt"/>
        <line num="31" count="80" type="stmt"/>
        <line num="32" count="80" type="stmt"/>
        <line num="33" count="80" type="stmt"/>
        <line num="34" count="80" type="cond" truecount="2" falsecount="0"/>
        <line num="35" count="80" type="stmt"/>
        <line num="38" count="80" type="stmt"/>
        <line num="39" count="80" type="stmt"/>
        <line num="40" count="80" type="stmt"/>
        <line num="42" count="80" type="stmt"/>
        <line num="50" count="80" type="stmt"/>
        <line num="51" count="0" type="stmt"/>
        <line num="379" count="0" type="cond" truecount="0" falsecount="2"/>
        <line num="383" count="80" type="stmt"/>
        <line num="384" count="0" type="stmt"/>
        <line num="395" count="0" type="cond" truecount="0" falsecount="2"/>
        <line num="399" count="80" type="stmt"/>
        <line num="400" count="2" type="cond" truecount="4" falsecount="3"/>
        <line num="403" count="1" type="stmt"/>
        <line num="406" count="1" type="stmt"/>
        <line num="409" count="0" type="stmt"/>
        <line num="411" count="0" type="stmt"/>
        <line num="417" count="80" type="stmt"/>
        <line num="418" count="0" type="cond" truecount="0" falsecount="2"/>
        <line num="419" count="0" type="cond" truecount="0" falsecount="2"/>
        <line num="420" count="0" type="stmt"/>
        <line num="424" count="80" type="stmt"/>
        <line num="425" count="9" type="stmt"/>
        <line num="426" count="9" type="stmt"/>
        <line num="429" count="80" type="stmt"/>
        <line num="430" count="2" type="stmt"/>
        <line num="431" count="2" type="stmt"/>
        <line num="434" count="80" type="stmt"/>
        <line num="435" count="0" type="stmt"/>
        <line num="436" count="0" type="stmt"/>
        <line num="438" count="0" type="stmt"/>
        <line num="439" count="0" type="stmt"/>
        <line num="442" count="0" type="stmt"/>
        <line num="445" count="0" type="stmt"/>
        <line num="455" count="0" type="stmt"/>
        <line num="456" count="0" type="stmt"/>
        <line num="458" count="0" type="stmt"/>
        <line num="459" count="0" type="cond" truecount="0" falsecount="2"/>
        <line num="460" count="0" type="stmt"/>
        <line num="468" count="0" type="stmt"/>
        <line num="469" count="0" type="cond" truecount="0" falsecount="2"/>
        <line num="470" count="0" type="stmt"/>
        <line num="476" count="0" type="stmt"/>
        <line num="477" count="0" type="stmt"/>
        <line num="478" count="0" type="stmt"/>
        <line num="480" count="0" type="stmt"/>
        <line num="484" count="80" type="stmt"/>
        <line num="485" count="2" type="stmt"/>
        <line num="588" count="2" type="cond" truecount="1" falsecount="1"/>
        <line num="589" count="2" type="cond" truecount="1" falsecount="1"/>
        <line num="591" count="2" type="stmt"/>
        <line num="606" count="80" type="stmt"/>
        <line num="607" count="2" type="stmt"/>
        <line num="626" count="2" type="cond" truecount="1" falsecount="1"/>
        <line num="627" count="2" type="cond" truecount="1" falsecount="1"/>
        <line num="631" count="80" type="stmt"/>
        <line num="632" count="1" type="stmt"/>
        <line num="887" count="1" type="cond" truecount="1" falsecount="1"/>
        <line num="891" count="80" type="stmt"/>
        <line num="892" count="0" type="stmt"/>
        <line num="935" count="0" type="cond" truecount="0" falsecount="2"/>
        <line num="937" count="0" type="cond" truecount="0" falsecount="2"/>
        <line num="938" count="0" type="cond" truecount="0" falsecount="2"/>
        <line num="939" count="0" type="stmt"/>
        <line num="942" count="80" type="stmt"/>
        <line num="943" count="80" type="stmt"/>
        <line num="944" count="80" type="stmt"/>
        <line num="945" count="80" type="stmt"/>
        <line num="946" count="80" type="stmt"/>
        <line num="947" count="80" type="stmt"/>
        <line num="948" count="80" type="stmt"/>
        <line num="949" count="80" type="stmt"/>
        <line num="950" count="80" type="stmt"/>
        <line num="951" count="80" type="stmt"/>
        <line num="952" count="80" type="stmt"/>
        <line num="955" count="80" type="stmt"/>
        <line num="956" count="37" type="cond" truecount="5" falsecount="0"/>
        <line num="957" count="2" type="stmt"/>
        <line num="961" count="80" type="stmt"/>
        <line num="962" count="2" type="cond" truecount="1" falsecount="1"/>
        <line num="964" count="2" type="stmt"/>
        <line num="965" count="2" type="stmt"/>
        <line num="966" count="2" type="stmt"/>
        <line num="988" count="1" type="cond" truecount="1" falsecount="1"/>
        <line num="989" count="0" type="stmt"/>
        <line num="992" count="1" type="stmt"/>
        <line num="993" count="1" type="stmt"/>
        <line num="996" count="1" type="stmt"/>
        <line num="997" count="1" type="stmt"/>
        <line num="999" count="1" type="stmt"/>
        <line num="1001" count="1" type="cond" truecount="1" falsecount="1"/>
        <line num="1002" count="1" type="stmt"/>
        <line num="1004" count="2" type="stmt"/>
        <line num="1008" count="80" type="stmt"/>
        <line num="1009" count="0" type="stmt"/>
        <line num="1012" count="80" type="stmt"/>
        <line num="1013" count="0" type="cond" truecount="0" falsecount="2"/>
        <line num="1014" count="0" type="stmt"/>
        <line num="1015" count="0" type="stmt"/>
        <line num="1016" count="0" type="stmt"/>
        <line num="1017" count="0" type="stmt"/>
        <line num="1019" count="0" type="cond" truecount="0" falsecount="2"/>
        <line num="1020" count="0" type="stmt"/>
        <line num="1023" count="0" type="stmt"/>
        <line num="1024" count="0" type="cond" truecount="0" falsecount="2"/>
        <line num="1026" count="0" type="stmt"/>
        <line num="1029" count="0" type="stmt"/>
        <line num="1034" count="80" type="stmt"/>
        <line num="1035" count="0" type="stmt"/>
        <line num="1036" count="0" type="cond" truecount="0" falsecount="5"/>
        <line num="1037" count="0" type="stmt"/>
        <line num="1038" count="0" type="cond" truecount="0" falsecount="5"/>
        <line num="1039" count="0" type="stmt"/>
        <line num="1040" count="0" type="cond" truecount="0" falsecount="5"/>
        <line num="1041" count="0" type="stmt"/>
        <line num="1042" count="0" type="cond" truecount="0" falsecount="5"/>
        <line num="1043" count="0" type="stmt"/>
        <line num="1044" count="0" type="cond" truecount="0" falsecount="4"/>
        <line num="1045" count="0" type="stmt"/>
        <line num="1047" count="0" type="stmt"/>
        <line num="1051" count="80" type="stmt"/>
        <line num="1052" count="0" type="stmt"/>
        <line num="1055" count="80" type="stmt"/>
        <line num="1056" count="2" type="cond" truecount="2" falsecount="2"/>
        <line num="1057" count="1" type="stmt"/>
        <line num="1058" count="1" type="stmt"/>
        <line num="1059" count="0" type="stmt"/>
        <line num="1060" count="0" type="stmt"/>
        <line num="1064" count="80" type="stmt"/>
        <line num="1065" count="2" type="cond" truecount="2" falsecount="2"/>
        <line num="1066" count="1" type="stmt"/>
        <line num="1067" count="1" type="stmt"/>
        <line num="1068" count="0" type="stmt"/>
        <line num="1069" count="0" type="stmt"/>
        <line num="1074" count="80" type="cond" truecount="2" falsecount="0"/>
        <line num="1084" count="0" type="stmt"/>
        <line num="1112" count="10" type="stmt"/>
        <line num="1129" count="9" type="cond" truecount="2" falsecount="0"/>
        <line num="1144" count="54" type="cond" truecount="2" falsecount="0"/>
        <line num="1154" count="0" type="stmt"/>
        <line num="1188" count="39" type="stmt"/>
        <line num="1196" count="0" type="stmt"/>
        <line num="1204" count="0" type="stmt"/>
        <line num="1212" count="0" type="stmt"/>
        <line num="1220" count="0" type="stmt"/>
        <line num="1229" count="2" type="cond" truecount="2" falsecount="0"/>
        <line num="1244" count="6" type="cond" truecount="2" falsecount="0"/>
        <line num="1330" count="4" type="cond" truecount="2" falsecount="3"/>
        <line num="1430" count="0" type="stmt"/>
        <line num="1434" count="0" type="stmt"/>
        <line num="1448" count="4" type="cond" truecount="4" falsecount="0"/>
        <line num="1449" count="2" type="stmt"/>
        <line num="1450" count="2" type="stmt"/>
        <line num="1452" count="2" type="cond" truecount="1" falsecount="1"/>
        <line num="1477" count="0" type="cond" truecount="0" falsecount="2"/>
        <line num="1478" count="0" type="stmt"/>
        <line num="1480" count="0" type="stmt"/>
        <line num="1497" count="18" type="cond" truecount="2" falsecount="0"/>
        <line num="1505" count="18" type="cond" truecount="2" falsecount="0"/>
        <line num="1555" count="0" type="stmt"/>
      </file>
    </package>
  </project>
</coverage>
