{"/Users/artembutko/Desktop/teacher /windexs-ai-learn/src/components/ui/badge.tsx": {"path":"/Users/artembutko/Desktop/teacher /windexs-ai-learn/src/components/ui/badge.tsx","statementMap":{"0":{"start":{"line":6,"column":6},"end":{"line":20,"column":null}}},"fnMap":{"0":{"name":"Badge","decl":{"start":{"line":25,"column":9},"end":{"line":25,"column":15}},"loc":{"start":{"line":25,"column":59},"end":{"line":27,"column":null}},"line":25}},"branchMap":{},"s":{"0":2},"f":{"0":2},"b":{},"meta":{"lastBranch":0,"lastFunction":1,"lastStatement":1,"seen":{"s:6:6:20:Infinity":0,"f:25:9:25:15":0}}}
,"/Users/artembutko/Desktop/teacher /windexs-ai-learn/src/components/ui/button.tsx": {"path":"/Users/artembutko/Desktop/teacher /windexs-ai-learn/src/components/ui/button.tsx","statementMap":{"0":{"start":{"line":7,"column":6},"end":{"line":30,"column":null}},"1":{"start":{"line":39,"column":15},"end":{"line":43,"column":null}},"2":{"start":{"line":41,"column":17},"end":{"line":41,"column":null}},"3":{"start":{"line":45,"column":0},"end":{"line":45,"column":null}}},"fnMap":{"0":{"name":"(anonymous_0)","decl":{"start":{"line":40,"column":2},"end":{"line":40,"column":3}},"loc":{"start":{"line":40,"column":60},"end":{"line":43,"column":null}},"line":40}},"branchMap":{"0":{"loc":{"start":{"line":40,"column":31},"end":{"line":40,"column":46}},"type":"default-arg","locations":[{"start":{"line":40,"column":41},"end":{"line":40,"column":46}}],"line":40},"1":{"loc":{"start":{"line":41,"column":17},"end":{"line":41,"column":null}},"type":"cond-expr","locations":[{"start":{"line":41,"column":27},"end":{"line":41,"column":34}},{"start":{"line":41,"column":34},"end":{"line":41,"column":null}}],"line":41}},"s":{"0":2,"1":2,"2":354,"3":2},"f":{"0":354},"b":{"0":[354],"1":[0,354]},"meta":{"lastBranch":2,"lastFunction":1,"lastStatement":4,"seen":{"s:7:6:30:Infinity":0,"s:39:15:43:Infinity":1,"f:40:2:40:3":0,"b:40:41:40:46":0,"s:41:17:41:Infinity":2,"b:41:27:41:34:41:34:41:Infinity":1,"s:45:0:45:Infinity":3}}}
,"/Users/artembutko/Desktop/teacher /windexs-ai-learn/src/components/ui/card.tsx": {"path":"/Users/artembutko/Desktop/teacher /windexs-ai-learn/src/components/ui/card.tsx","statementMap":{"0":{"start":{"line":8,"column":0},"end":{"line":8,"column":null}},"1":{"start":{"line":15,"column":0},"end":{"line":15,"column":null}},"2":{"start":{"line":22,"column":0},"end":{"line":22,"column":null}},"3":{"start":{"line":29,"column":0},"end":{"line":29,"column":null}},"4":{"start":{"line":34,"column":0},"end":{"line":34,"column":null}},"5":{"start":{"line":41,"column":0},"end":{"line":41,"column":null}}},"fnMap":{},"branchMap":{},"s":{"0":2,"1":2,"2":2,"3":2,"4":2,"5":2},"f":{},"b":{},"meta":{"lastBranch":0,"lastFunction":0,"lastStatement":6,"seen":{"s:8:0:8:Infinity":0,"s:15:0:15:Infinity":1,"s:22:0:22:Infinity":2,"s:29:0:29:Infinity":3,"s:34:0:34:Infinity":4,"s:41:0:41:Infinity":5}}}
,"/Users/artembutko/Desktop/teacher /windexs-ai-learn/src/components/ui/label.tsx": {"path":"/Users/artembutko/Desktop/teacher /windexs-ai-learn/src/components/ui/label.tsx","statementMap":{"0":{"start":{"line":7,"column":6},"end":{"line":7,"column":null}},"1":{"start":{"line":15,"column":0},"end":{"line":15,"column":null}}},"fnMap":{},"branchMap":{},"s":{"0":2,"1":2},"f":{},"b":{},"meta":{"lastBranch":0,"lastFunction":0,"lastStatement":2,"seen":{"s:7:6:7:Infinity":0,"s:15:0:15:Infinity":1}}}
,"/Users/artembutko/Desktop/teacher /windexs-ai-learn/src/components/ui/progress.tsx": {"path":"/Users/artembutko/Desktop/teacher /windexs-ai-learn/src/components/ui/progress.tsx","statementMap":{"0":{"start":{"line":21,"column":0},"end":{"line":21,"column":null}}},"fnMap":{},"branchMap":{"0":{"loc":{"start":{"line":17,"column":48},"end":{"line":17,"column":60}},"type":"binary-expr","locations":[{"start":{"line":17,"column":48},"end":{"line":17,"column":57}},{"start":{"line":17,"column":57},"end":{"line":17,"column":60}}],"line":17}},"s":{"0":2},"f":{},"b":{"0":[2,0]},"meta":{"lastBranch":1,"lastFunction":0,"lastStatement":1,"seen":{"b:17:48:17:57:17:57:17:60":0,"s:21:0:21:Infinity":0}}}
,"/Users/artembutko/Desktop/teacher /windexs-ai-learn/src/components/ui/radio-group.tsx": {"path":"/Users/artembutko/Desktop/teacher /windexs-ai-learn/src/components/ui/radio-group.tsx","statementMap":{"0":{"start":{"line":7,"column":19},"end":{"line":12,"column":null}},"1":{"start":{"line":13,"column":0},"end":{"line":13,"column":null}},"2":{"start":{"line":15,"column":23},"end":{"line":33,"column":null}},"3":{"start":{"line":34,"column":0},"end":{"line":34,"column":null}}},"fnMap":{"0":{"name":"(anonymous_0)","decl":{"start":{"line":10,"column":2},"end":{"line":10,"column":3}},"loc":{"start":{"line":10,"column":28},"end":{"line":12,"column":null}},"line":10},"1":{"name":"(anonymous_1)","decl":{"start":{"line":18,"column":2},"end":{"line":18,"column":3}},"loc":{"start":{"line":18,"column":28},"end":{"line":33,"column":null}},"line":18}},"branchMap":{},"s":{"0":2,"1":2,"2":2,"3":2},"f":{"0":26,"1":156},"b":{},"meta":{"lastBranch":0,"lastFunction":2,"lastStatement":4,"seen":{"s:7:19:12:Infinity":0,"f:10:2:10:3":0,"s:13:0:13:Infinity":1,"s:15:23:33:Infinity":2,"f:18:2:18:3":1,"s:34:0:34:Infinity":3}}}
,"/Users/artembutko/Desktop/teacher /windexs-ai-learn/src/components/ui/textarea.tsx": {"path":"/Users/artembutko/Desktop/teacher /windexs-ai-learn/src/components/ui/textarea.tsx","statementMap":{"0":{"start":{"line":7,"column":17},"end":{"line":18,"column":null}},"1":{"start":{"line":19,"column":0},"end":{"line":19,"column":null}}},"fnMap":{"0":{"name":"(anonymous_0)","decl":{"start":{"line":7,"column":70},"end":{"line":7,"column":71}},"loc":{"start":{"line":7,"column":96},"end":{"line":18,"column":null}},"line":7}},"branchMap":{},"s":{"0":2,"1":2},"f":{"0":48},"b":{},"meta":{"lastBranch":0,"lastFunction":1,"lastStatement":2,"seen":{"s:7:17:18:Infinity":0,"f:7:70:7:71":0,"s:19:0:19:Infinity":1}}}
,"/Users/artembutko/Desktop/teacher /windexs-ai-learn/src/contexts/AuthContext.tsx": {"path":"/Users/artembutko/Desktop/teacher /windexs-ai-learn/src/contexts/AuthContext.tsx","statementMap":{"0":{"start":{"line":154,"column":6},"end":{"line":154,"column":null}},"1":{"start":{"line":156,"column":23},"end":{"line":162,"column":null}},"2":{"start":{"line":157,"column":8},"end":{"line":157,"column":null}},"3":{"start":{"line":158,"column":2},"end":{"line":160,"column":null}},"4":{"start":{"line":159,"column":4},"end":{"line":159,"column":null}},"5":{"start":{"line":161,"column":2},"end":{"line":161,"column":null}},"6":{"start":{"line":167,"column":54},"end":{"line":219,"column":null}},"7":{"start":{"line":221,"column":69},"end":{"line":1207,"column":null}},"8":{"start":{"line":222,"column":23},"end":{"line":222,"column":null}},"9":{"start":{"line":225,"column":2},"end":{"line":235,"column":null}},"10":{"start":{"line":226,"column":22},"end":{"line":226,"column":null}},"11":{"start":{"line":227,"column":4},"end":{"line":234,"column":null}},"12":{"start":{"line":228,"column":6},"end":{"line":233,"column":null}},"13":{"start":{"line":229,"column":8},"end":{"line":229,"column":null}},"14":{"start":{"line":231,"column":8},"end":{"line":231,"column":null}},"15":{"start":{"line":232,"column":8},"end":{"line":232,"column":null}},"16":{"start":{"line":237,"column":26},"end":{"line":245,"column":null}},"17":{"start":{"line":237,"column":44},"end":{"line":245,"column":null}},"18":{"start":{"line":247,"column":33},"end":{"line":527,"column":null}},"19":{"start":{"line":247,"column":54},"end":{"line":527,"column":null}},"20":{"start":{"line":529,"column":39},"end":{"line":537,"column":null}},"21":{"start":{"line":529,"column":66},"end":{"line":537,"column":null}},"22":{"start":{"line":539,"column":16},"end":{"line":586,"column":null}},"23":{"start":{"line":541,"column":4},"end":{"line":584,"column":null}},"24":{"start":{"line":542,"column":27},"end":{"line":542,"column":null}},"25":{"start":{"line":543,"column":6},"end":{"line":582,"column":null}},"26":{"start":{"line":544,"column":27},"end":{"line":544,"column":null}},"27":{"start":{"line":546,"column":8},"end":{"line":548,"column":null}},"28":{"start":{"line":547,"column":10},"end":{"line":547,"column":null}},"29":{"start":{"line":549,"column":8},"end":{"line":551,"column":null}},"30":{"start":{"line":550,"column":10},"end":{"line":550,"column":null}},"31":{"start":{"line":552,"column":8},"end":{"line":554,"column":null}},"32":{"start":{"line":553,"column":10},"end":{"line":553,"column":null}},"33":{"start":{"line":555,"column":8},"end":{"line":557,"column":null}},"34":{"start":{"line":556,"column":10},"end":{"line":556,"column":null}},"35":{"start":{"line":558,"column":8},"end":{"line":558,"column":null}},"36":{"start":{"line":560,"column":8},"end":{"line":562,"column":null}},"37":{"start":{"line":561,"column":10},"end":{"line":561,"column":null}},"38":{"start":{"line":564,"column":31},"end":{"line":579,"column":null}},"39":{"start":{"line":580,"column":8},"end":{"line":580,"column":null}},"40":{"start":{"line":581,"column":8},"end":{"line":581,"column":null}},"41":{"start":{"line":583,"column":6},"end":{"line":583,"column":null}},"42":{"start":{"line":585,"column":4},"end":{"line":585,"column":null}},"43":{"start":{"line":588,"column":19},"end":{"line":616,"column":null}},"44":{"start":{"line":590,"column":4},"end":{"line":614,"column":null}},"45":{"start":{"line":591,"column":31},"end":{"line":608,"column":null}},"46":{"start":{"line":609,"column":6},"end":{"line":609,"column":null}},"47":{"start":{"line":610,"column":6},"end":{"line":610,"column":null}},"48":{"start":{"line":612,"column":6},"end":{"line":612,"column":null}},"49":{"start":{"line":612,"column":23},"end":{"line":612,"column":44}},"50":{"start":{"line":613,"column":6},"end":{"line":613,"column":null}},"51":{"start":{"line":615,"column":4},"end":{"line":615,"column":null}},"52":{"start":{"line":618,"column":33},"end":{"line":676,"column":null}},"53":{"start":{"line":619,"column":4},"end":{"line":619,"column":null}},"54":{"start":{"line":619,"column":15},"end":{"line":619,"column":null}},"55":{"start":{"line":621,"column":23},"end":{"line":621,"column":null}},"56":{"start":{"line":623,"column":6},"end":{"line":624,"column":null}},"57":{"start":{"line":626,"column":47},"end":{"line":632,"column":null}},"58":{"start":{"line":634,"column":24},"end":{"line":638,"column":null}},"59":{"start":{"line":641,"column":31},"end":{"line":641,"column":null}},"60":{"start":{"line":643,"column":4},"end":{"line":643,"column":null}},"61":{"start":{"line":646,"column":26},"end":{"line":646,"column":57}},"62":{"start":{"line":647,"column":39},"end":{"line":647,"column":null}},"63":{"start":{"line":647,"column":68},"end":{"line":647,"column":null}},"64":{"start":{"line":649,"column":4},"end":{"line":663,"column":null}},"65":{"start":{"line":650,"column":6},"end":{"line":662,"column":null}},"66":{"start":{"line":665,"column":4},"end":{"line":665,"column":null}},"67":{"start":{"line":668,"column":4},"end":{"line":672,"column":null}},"68":{"start":{"line":674,"column":4},"end":{"line":674,"column":null}},"69":{"start":{"line":675,"column":4},"end":{"line":675,"column":null}},"70":{"start":{"line":678,"column":37},"end":{"line":869,"column":null}},"71":{"start":{"line":679,"column":4},"end":{"line":868,"column":null}},"72":{"start":{"line":681,"column":29},"end":{"line":681,"column":null}},"73":{"start":{"line":682,"column":6},"end":{"line":701,"column":null}},"74":{"start":{"line":683,"column":35},"end":{"line":684,"column":null}},"75":{"start":{"line":684,"column":10},"end":{"line":684,"column":63}},"76":{"start":{"line":687,"column":8},"end":{"line":700,"column":null}},"77":{"start":{"line":692,"column":26},"end":{"line":692,"column":89}},"78":{"start":{"line":693,"column":21},"end":{"line":693,"column":null}},"79":{"start":{"line":694,"column":2},"end":{"line":697,"column":null}},"80":{"start":{"line":703,"column":23},"end":{"line":772,"column":null}},"81":{"start":{"line":774,"column":6},"end":{"line":776,"column":null}},"82":{"start":{"line":775,"column":8},"end":{"line":775,"column":null}},"83":{"start":{"line":778,"column":19},"end":{"line":778,"column":null}},"84":{"start":{"line":779,"column":25},"end":{"line":779,"column":null}},"85":{"start":{"line":782,"column":20},"end":{"line":782,"column":22}},"86":{"start":{"line":783,"column":6},"end":{"line":796,"column":null}},"87":{"start":{"line":785,"column":33},"end":{"line":785,"column":null}},"88":{"start":{"line":786,"column":8},"end":{"line":793,"column":null}},"89":{"start":{"line":786,"column":21},"end":{"line":786,"column":24}},"90":{"start":{"line":787,"column":32},"end":{"line":787,"column":null}},"91":{"start":{"line":788,"column":10},"end":{"line":792,"column":null}},"92":{"start":{"line":794,"column":13},"end":{"line":796,"column":null}},"93":{"start":{"line":795,"column":8},"end":{"line":795,"column":null}},"94":{"start":{"line":798,"column":6},"end":{"line":802,"column":null}},"95":{"start":{"line":804,"column":6},"end":{"line":804,"column":null}},"96":{"start":{"line":806,"column":26},"end":{"line":807,"column":null}},"97":{"start":{"line":809,"column":32},"end":{"line":811,"column":96}},"98":{"start":{"line":814,"column":38},"end":{"line":853,"column":null}},"99":{"start":{"line":815,"column":58},"end":{"line":844,"column":null}},"100":{"start":{"line":846,"column":8},"end":{"line":852,"column":null}},"101":{"start":{"line":855,"column":6},"end":{"line":867,"column":null}},"102":{"start":{"line":862,"column":51},"end":{"line":866,"column":null}},"103":{"start":{"line":871,"column":17},"end":{"line":874,"column":null}},"104":{"start":{"line":872,"column":4},"end":{"line":872,"column":null}},"105":{"start":{"line":873,"column":4},"end":{"line":873,"column":null}},"106":{"start":{"line":876,"column":26},"end":{"line":889,"column":null}},"107":{"start":{"line":877,"column":4},"end":{"line":877,"column":null}},"108":{"start":{"line":877,"column":15},"end":{"line":877,"column":null}},"109":{"start":{"line":879,"column":24},"end":{"line":885,"column":null}},"110":{"start":{"line":887,"column":4},"end":{"line":887,"column":null}},"111":{"start":{"line":888,"column":4},"end":{"line":888,"column":null}},"112":{"start":{"line":891,"column":25},"end":{"line":921,"column":null}},"113":{"start":{"line":892,"column":4},"end":{"line":892,"column":null}},"114":{"start":{"line":892,"column":15},"end":{"line":892,"column":null}},"115":{"start":{"line":894,"column":22},"end":{"line":894,"column":47}},"116":{"start":{"line":895,"column":36},"end":{"line":895,"column":63}},"117":{"start":{"line":897,"column":4},"end":{"line":920,"column":null}},"118":{"start":{"line":898,"column":26},"end":{"line":913,"column":null}},"119":{"start":{"line":906,"column":67},"end":{"line":906,"column":91}},"120":{"start":{"line":915,"column":6},"end":{"line":915,"column":null}},"121":{"start":{"line":916,"column":6},"end":{"line":916,"column":null}},"122":{"start":{"line":919,"column":6},"end":{"line":919,"column":null}},"123":{"start":{"line":923,"column":22},"end":{"line":952,"column":null}},"124":{"start":{"line":924,"column":4},"end":{"line":924,"column":null}},"125":{"start":{"line":924,"column":15},"end":{"line":924,"column":null}},"126":{"start":{"line":927,"column":21},"end":{"line":927,"column":97}},"127":{"start":{"line":928,"column":33},"end":{"line":928,"column":null}},"128":{"start":{"line":930,"column":33},"end":{"line":930,"column":57}},"129":{"start":{"line":931,"column":32},"end":{"line":931,"column":null}},"130":{"start":{"line":931,"column":73},"end":{"line":931,"column":null}},"131":{"start":{"line":933,"column":4},"end":{"line":951,"column":null}},"132":{"start":{"line":935,"column":38},"end":{"line":938,"column":null}},"133":{"start":{"line":940,"column":26},"end":{"line":947,"column":null}},"134":{"start":{"line":949,"column":6},"end":{"line":949,"column":null}},"135":{"start":{"line":950,"column":6},"end":{"line":950,"column":null}},"136":{"start":{"line":954,"column":29},"end":{"line":973,"column":null}},"137":{"start":{"line":955,"column":4},"end":{"line":955,"column":null}},"138":{"start":{"line":955,"column":15},"end":{"line":955,"column":null}},"139":{"start":{"line":957,"column":25},"end":{"line":957,"column":null}},"140":{"start":{"line":957,"column":57},"end":{"line":957,"column":null}},"141":{"start":{"line":958,"column":4},"end":{"line":958,"column":null}},"142":{"start":{"line":958,"column":23},"end":{"line":958,"column":null}},"143":{"start":{"line":960,"column":24},"end":{"line":969,"column":null}},"144":{"start":{"line":971,"column":4},"end":{"line":971,"column":null}},"145":{"start":{"line":972,"column":4},"end":{"line":972,"column":null}},"146":{"start":{"line":975,"column":26},"end":{"line":1008,"column":null}},"147":{"start":{"line":976,"column":4},"end":{"line":976,"column":null}},"148":{"start":{"line":976,"column":37},"end":{"line":976,"column":null}},"149":{"start":{"line":978,"column":27},"end":{"line":978,"column":51}},"150":{"start":{"line":979,"column":23},"end":{"line":979,"column":null}},"151":{"start":{"line":981,"column":4},"end":{"line":984,"column":null}},"152":{"start":{"line":982,"column":6},"end":{"line":982,"column":null}},"153":{"start":{"line":983,"column":6},"end":{"line":983,"column":null}},"154":{"start":{"line":987,"column":21},"end":{"line":987,"column":109}},"155":{"start":{"line":988,"column":21},"end":{"line":988,"column":null}},"156":{"start":{"line":990,"column":36},"end":{"line":997,"column":null}},"157":{"start":{"line":999,"column":24},"end":{"line":1002,"column":null}},"158":{"start":{"line":1004,"column":4},"end":{"line":1004,"column":null}},"159":{"start":{"line":1005,"column":4},"end":{"line":1005,"column":null}},"160":{"start":{"line":1007,"column":4},"end":{"line":1007,"column":null}},"161":{"start":{"line":1010,"column":29},"end":{"line":1020,"column":null}},"162":{"start":{"line":1011,"column":4},"end":{"line":1011,"column":null}},"163":{"start":{"line":1011,"column":37},"end":{"line":1011,"column":null}},"164":{"start":{"line":1013,"column":24},"end":{"line":1016,"column":null}},"165":{"start":{"line":1015,"column":58},"end":{"line":1015,"column":85}},"166":{"start":{"line":1018,"column":4},"end":{"line":1018,"column":null}},"167":{"start":{"line":1019,"column":4},"end":{"line":1019,"column":null}},"168":{"start":{"line":1022,"column":35},"end":{"line":1035,"column":null}},"169":{"start":{"line":1023,"column":4},"end":{"line":1023,"column":null}},"170":{"start":{"line":1023,"column":15},"end":{"line":1023,"column":null}},"171":{"start":{"line":1025,"column":24},"end":{"line":1031,"column":null}},"172":{"start":{"line":1033,"column":4},"end":{"line":1033,"column":null}},"173":{"start":{"line":1034,"column":4},"end":{"line":1034,"column":null}},"174":{"start":{"line":1037,"column":21},"end":{"line":1051,"column":null}},"175":{"start":{"line":1038,"column":4},"end":{"line":1038,"column":null}},"176":{"start":{"line":1038,"column":15},"end":{"line":1038,"column":null}},"177":{"start":{"line":1040,"column":24},"end":{"line":1047,"column":null}},"178":{"start":{"line":1042,"column":58},"end":{"line":1042,"column":85}},"179":{"start":{"line":1049,"column":4},"end":{"line":1049,"column":null}},"180":{"start":{"line":1050,"column":4},"end":{"line":1050,"column":null}},"181":{"start":{"line":1053,"column":36},"end":{"line":1083,"column":null}},"182":{"start":{"line":1054,"column":4},"end":{"line":1054,"column":null}},"183":{"start":{"line":1054,"column":15},"end":{"line":1054,"column":null}},"184":{"start":{"line":1056,"column":28},"end":{"line":1056,"column":58}},"185":{"start":{"line":1057,"column":34},"end":{"line":1057,"column":null}},"186":{"start":{"line":1057,"column":65},"end":{"line":1057,"column":null}},"187":{"start":{"line":1059,"column":4},"end":{"line":1071,"column":null}},"188":{"start":{"line":1060,"column":6},"end":{"line":1064,"column":null}},"189":{"start":{"line":1066,"column":6},"end":{"line":1070,"column":null}},"190":{"start":{"line":1073,"column":24},"end":{"line":1076,"column":null}},"191":{"start":{"line":1078,"column":4},"end":{"line":1078,"column":null}},"192":{"start":{"line":1079,"column":4},"end":{"line":1079,"column":null}},"193":{"start":{"line":1082,"column":4},"end":{"line":1082,"column":null}},"194":{"start":{"line":1085,"column":28},"end":{"line":1181,"column":null}},"195":{"start":{"line":1086,"column":4},"end":{"line":1086,"column":null}},"196":{"start":{"line":1086,"column":15},"end":{"line":1086,"column":null}},"197":{"start":{"line":1088,"column":25},"end":{"line":1088,"column":48}},"198":{"start":{"line":1089,"column":32},"end":{"line":1089,"column":62}},"199":{"start":{"line":1090,"column":18},"end":{"line":1090,"column":null}},"200":{"start":{"line":1091,"column":31},"end":{"line":1091,"column":null}},"201":{"start":{"line":1093,"column":31},"end":{"line":1093,"column":null}},"202":{"start":{"line":1094,"column":22},"end":{"line":1094,"column":null}},"203":{"start":{"line":1096,"column":32},"end":{"line":1163,"column":null}},"204":{"start":{"line":1097,"column":23},"end":{"line":1097,"column":null}},"205":{"start":{"line":1097,"column":53},"end":{"line":1097,"column":87}},"206":{"start":{"line":1098,"column":30},"end":{"line":1098,"column":null}},"207":{"start":{"line":1100,"column":25},"end":{"line":1100,"column":null}},"208":{"start":{"line":1102,"column":6},"end":{"line":1150,"column":null}},"209":{"start":{"line":1104,"column":10},"end":{"line":1104,"column":null}},"210":{"start":{"line":1105,"column":10},"end":{"line":1105,"column":null}},"211":{"start":{"line":1107,"column":10},"end":{"line":1107,"column":null}},"212":{"start":{"line":1108,"column":10},"end":{"line":1108,"column":null}},"213":{"start":{"line":1110,"column":10},"end":{"line":1110,"column":null}},"214":{"start":{"line":1111,"column":10},"end":{"line":1111,"column":null}},"215":{"start":{"line":1113,"column":10},"end":{"line":1113,"column":null}},"216":{"start":{"line":1114,"column":10},"end":{"line":1114,"column":null}},"217":{"start":{"line":1116,"column":10},"end":{"line":1116,"column":null}},"218":{"start":{"line":1117,"column":10},"end":{"line":1117,"column":null}},"219":{"start":{"line":1119,"column":10},"end":{"line":1119,"column":31}},"220":{"start":{"line":1120,"column":10},"end":{"line":1120,"column":null}},"221":{"start":{"line":1122,"column":10},"end":{"line":1122,"column":null}},"222":{"start":{"line":1123,"column":10},"end":{"line":1123,"column":null}},"223":{"start":{"line":1125,"column":10},"end":{"line":1125,"column":null}},"224":{"start":{"line":1126,"column":10},"end":{"line":1126,"column":null}},"225":{"start":{"line":1128,"column":10},"end":{"line":1128,"column":67}},"226":{"start":{"line":1129,"column":10},"end":{"line":1129,"column":null}},"227":{"start":{"line":1131,"column":10},"end":{"line":1131,"column":68}},"228":{"start":{"line":1132,"column":10},"end":{"line":1132,"column":null}},"229":{"start":{"line":1134,"column":10},"end":{"line":1134,"column":68}},"230":{"start":{"line":1135,"column":10},"end":{"line":1135,"column":null}},"231":{"start":{"line":1137,"column":10},"end":{"line":1137,"column":null}},"232":{"start":{"line":1137,"column":48},"end":{"line":1137,"column":null}},"233":{"start":{"line":1138,"column":10},"end":{"line":1138,"column":null}},"234":{"start":{"line":1140,"column":10},"end":{"line":1140,"column":null}},"235":{"start":{"line":1140,"column":50},"end":{"line":1140,"column":60}},"236":{"start":{"line":1141,"column":10},"end":{"line":1141,"column":null}},"237":{"start":{"line":1143,"column":10},"end":{"line":1143,"column":null}},"238":{"start":{"line":1143,"column":50},"end":{"line":1143,"column":60}},"239":{"start":{"line":1144,"column":10},"end":{"line":1144,"column":null}},"240":{"start":{"line":1146,"column":10},"end":{"line":1146,"column":97}},"241":{"start":{"line":1146,"column":50},"end":{"line":1146,"column":60}},"242":{"start":{"line":1147,"column":10},"end":{"line":1147,"column":null}},"243":{"start":{"line":1149,"column":10},"end":{"line":1149,"column":null}},"244":{"start":{"line":1152,"column":6},"end":{"line":1160,"column":null}},"245":{"start":{"line":1153,"column":8},"end":{"line":1153,"column":null}},"246":{"start":{"line":1154,"column":8},"end":{"line":1154,"column":null}},"247":{"start":{"line":1155,"column":8},"end":{"line":1159,"column":null}},"248":{"start":{"line":1162,"column":6},"end":{"line":1162,"column":null}},"249":{"start":{"line":1165,"column":4},"end":{"line":1180,"column":null}},"250":{"start":{"line":1166,"column":28},"end":{"line":1166,"column":78}},"251":{"start":{"line":1166,"column":60},"end":{"line":1166,"column":70}},"252":{"start":{"line":1167,"column":32},"end":{"line":1167,"column":null}},"253":{"start":{"line":1167,"column":64},"end":{"line":1167,"column":74}},"254":{"start":{"line":1167,"column":95},"end":{"line":1167,"column":109}},"255":{"start":{"line":1169,"column":26},"end":{"line":1176,"column":null}},"256":{"start":{"line":1178,"column":6},"end":{"line":1178,"column":null}},"257":{"start":{"line":1179,"column":6},"end":{"line":1179,"column":null}},"258":{"start":{"line":1183,"column":16},"end":{"line":1200,"column":null}}},"fnMap":{"0":{"name":"(anonymous_0)","decl":{"start":{"line":156,"column":23},"end":{"line":156,"column":null}},"loc":{"start":{"line":156,"column":23},"end":{"line":162,"column":null}},"line":156},"1":{"name":"(anonymous_1)","decl":{"start":{"line":221,"column":69},"end":{"line":221,"column":70}},"loc":{"start":{"line":221,"column":82},"end":{"line":1207,"column":null}},"line":221},"2":{"name":"(anonymous_2)","decl":{"start":{"line":225,"column":12},"end":{"line":225,"column":null}},"loc":{"start":{"line":225,"column":12},"end":{"line":235,"column":5}},"line":225},"3":{"name":"(anonymous_3)","decl":{"start":{"line":237,"column":26},"end":{"line":237,"column":44}},"loc":{"start":{"line":237,"column":44},"end":{"line":245,"column":null}},"line":237},"4":{"name":"(anonymous_4)","decl":{"start":{"line":247,"column":33},"end":{"line":247,"column":54}},"loc":{"start":{"line":247,"column":54},"end":{"line":527,"column":null}},"line":247},"5":{"name":"(anonymous_5)","decl":{"start":{"line":529,"column":39},"end":{"line":529,"column":66}},"loc":{"start":{"line":529,"column":66},"end":{"line":537,"column":null}},"line":529},"6":{"name":"(anonymous_6)","decl":{"start":{"line":539,"column":16},"end":{"line":539,"column":23}},"loc":{"start":{"line":539,"column":38},"end":{"line":586,"column":null}},"line":539},"7":{"name":"(anonymous_7)","decl":{"start":{"line":560,"column":19},"end":{"line":560,"column":null}},"loc":{"start":{"line":560,"column":19},"end":{"line":562,"column":11}},"line":560},"8":{"name":"(anonymous_8)","decl":{"start":{"line":588,"column":19},"end":{"line":588,"column":26}},"loc":{"start":{"line":588,"column":55},"end":{"line":616,"column":null}},"line":588},"9":{"name":"(anonymous_9)","decl":{"start":{"line":612,"column":17},"end":{"line":612,"column":23}},"loc":{"start":{"line":612,"column":23},"end":{"line":612,"column":44}},"line":612},"10":{"name":"(anonymous_10)","decl":{"start":{"line":618,"column":33},"end":{"line":618,"column":40}},"loc":{"start":{"line":618,"column":101},"end":{"line":676,"column":null}},"line":618},"11":{"name":"(anonymous_11)","decl":{"start":{"line":647,"column":58},"end":{"line":647,"column":68}},"loc":{"start":{"line":647,"column":68},"end":{"line":647,"column":null}},"line":647},"12":{"name":"(anonymous_12)","decl":{"start":{"line":678,"column":37},"end":{"line":678,"column":44}},"loc":{"start":{"line":678,"column":115},"end":{"line":869,"column":null}},"line":678},"13":{"name":"(anonymous_13)","decl":{"start":{"line":683,"column":67},"end":{"line":683,"column":68}},"loc":{"start":{"line":684,"column":10},"end":{"line":684,"column":63}},"line":684},"14":{"name":"(anonymous_14)","decl":{"start":{"line":691,"column":25},"end":{"line":691,"column":26}},"loc":{"start":{"line":691,"column":34},"end":{"line":698,"column":3}},"line":691},"15":{"name":"(anonymous_15)","decl":{"start":{"line":814,"column":38},"end":{"line":814,"column":39}},"loc":{"start":{"line":814,"column":54},"end":{"line":853,"column":null}},"line":814},"16":{"name":"(anonymous_16)","decl":{"start":{"line":862,"column":32},"end":{"line":862,"column":33}},"loc":{"start":{"line":862,"column":51},"end":{"line":866,"column":null}},"line":862},"17":{"name":"(anonymous_17)","decl":{"start":{"line":871,"column":17},"end":{"line":871,"column":null}},"loc":{"start":{"line":871,"column":17},"end":{"line":874,"column":null}},"line":871},"18":{"name":"(anonymous_18)","decl":{"start":{"line":876,"column":26},"end":{"line":876,"column":27}},"loc":{"start":{"line":876,"column":27},"end":{"line":889,"column":null}},"line":876},"19":{"name":"(anonymous_19)","decl":{"start":{"line":891,"column":25},"end":{"line":891,"column":26}},"loc":{"start":{"line":891,"column":44},"end":{"line":921,"column":null}},"line":891},"20":{"name":"(anonymous_20)","decl":{"start":{"line":906,"column":53},"end":{"line":906,"column":54}},"loc":{"start":{"line":906,"column":67},"end":{"line":906,"column":91}},"line":906},"21":{"name":"(anonymous_21)","decl":{"start":{"line":923,"column":22},"end":{"line":923,"column":23}},"loc":{"start":{"line":923,"column":23},"end":{"line":952,"column":null}},"line":923},"22":{"name":"(anonymous_22)","decl":{"start":{"line":931,"column":63},"end":{"line":931,"column":73}},"loc":{"start":{"line":931,"column":73},"end":{"line":931,"column":null}},"line":931},"23":{"name":"(anonymous_23)","decl":{"start":{"line":954,"column":29},"end":{"line":954,"column":36}},"loc":{"start":{"line":954,"column":36},"end":{"line":973,"column":null}},"line":954},"24":{"name":"(anonymous_24)","decl":{"start":{"line":957,"column":49},"end":{"line":957,"column":57}},"loc":{"start":{"line":957,"column":57},"end":{"line":957,"column":null}},"line":957},"25":{"name":"(anonymous_25)","decl":{"start":{"line":975,"column":26},"end":{"line":975,"column":33}},"loc":{"start":{"line":975,"column":33},"end":{"line":1008,"column":null}},"line":975},"26":{"name":"(anonymous_26)","decl":{"start":{"line":1010,"column":29},"end":{"line":1010,"column":36}},"loc":{"start":{"line":1010,"column":36},"end":{"line":1020,"column":null}},"line":1010},"27":{"name":"(anonymous_27)","decl":{"start":{"line":1015,"column":48},"end":{"line":1015,"column":58}},"loc":{"start":{"line":1015,"column":58},"end":{"line":1015,"column":85}},"line":1015},"28":{"name":"(anonymous_28)","decl":{"start":{"line":1022,"column":35},"end":{"line":1022,"column":36}},"loc":{"start":{"line":1022,"column":36},"end":{"line":1035,"column":null}},"line":1022},"29":{"name":"(anonymous_29)","decl":{"start":{"line":1037,"column":21},"end":{"line":1037,"column":22}},"loc":{"start":{"line":1037,"column":22},"end":{"line":1051,"column":null}},"line":1037},"30":{"name":"(anonymous_30)","decl":{"start":{"line":1042,"column":48},"end":{"line":1042,"column":58}},"loc":{"start":{"line":1042,"column":58},"end":{"line":1042,"column":85}},"line":1042},"31":{"name":"(anonymous_31)","decl":{"start":{"line":1053,"column":36},"end":{"line":1053,"column":37}},"loc":{"start":{"line":1053,"column":60},"end":{"line":1083,"column":null}},"line":1053},"32":{"name":"(anonymous_32)","decl":{"start":{"line":1057,"column":60},"end":{"line":1057,"column":65}},"loc":{"start":{"line":1057,"column":65},"end":{"line":1057,"column":null}},"line":1057},"33":{"name":"(anonymous_33)","decl":{"start":{"line":1085,"column":28},"end":{"line":1085,"column":null}},"loc":{"start":{"line":1085,"column":28},"end":{"line":1181,"column":null}},"line":1085},"34":{"name":"(anonymous_34)","decl":{"start":{"line":1096,"column":49},"end":{"line":1096,"column":null}},"loc":{"start":{"line":1096,"column":49},"end":{"line":1163,"column":null}},"line":1096},"35":{"name":"(anonymous_35)","decl":{"start":{"line":1097,"column":48},"end":{"line":1097,"column":53}},"loc":{"start":{"line":1097,"column":53},"end":{"line":1097,"column":87}},"line":1097},"36":{"name":"(anonymous_36)","decl":{"start":{"line":1137,"column":43},"end":{"line":1137,"column":48}},"loc":{"start":{"line":1137,"column":48},"end":{"line":1137,"column":null}},"line":1137},"37":{"name":"(anonymous_37)","decl":{"start":{"line":1140,"column":45},"end":{"line":1140,"column":50}},"loc":{"start":{"line":1140,"column":50},"end":{"line":1140,"column":60}},"line":1140},"38":{"name":"(anonymous_38)","decl":{"start":{"line":1143,"column":45},"end":{"line":1143,"column":50}},"loc":{"start":{"line":1143,"column":50},"end":{"line":1143,"column":60}},"line":1143},"39":{"name":"(anonymous_39)","decl":{"start":{"line":1146,"column":45},"end":{"line":1146,"column":50}},"loc":{"start":{"line":1146,"column":50},"end":{"line":1146,"column":60}},"line":1146},"40":{"name":"(anonymous_40)","decl":{"start":{"line":1166,"column":55},"end":{"line":1166,"column":60}},"loc":{"start":{"line":1166,"column":60},"end":{"line":1166,"column":70}},"line":1166},"41":{"name":"(anonymous_41)","decl":{"start":{"line":1167,"column":59},"end":{"line":1167,"column":64}},"loc":{"start":{"line":1167,"column":64},"end":{"line":1167,"column":74}},"line":1167},"42":{"name":"(anonymous_42)","decl":{"start":{"line":1167,"column":83},"end":{"line":1167,"column":84}},"loc":{"start":{"line":1167,"column":95},"end":{"line":1167,"column":109}},"line":1167}},"branchMap":{"0":{"loc":{"start":{"line":158,"column":2},"end":{"line":160,"column":null}},"type":"if","locations":[{"start":{"line":158,"column":2},"end":{"line":160,"column":null}},{"start":{},"end":{}}],"line":158},"1":{"loc":{"start":{"line":227,"column":4},"end":{"line":234,"column":null}},"type":"if","locations":[{"start":{"line":227,"column":4},"end":{"line":234,"column":null}},{"start":{},"end":{}}],"line":227},"2":{"loc":{"start":{"line":541,"column":4},"end":{"line":584,"column":null}},"type":"if","locations":[{"start":{"line":541,"column":4},"end":{"line":584,"column":null}},{"start":{},"end":{}}],"line":541},"3":{"loc":{"start":{"line":541,"column":8},"end":{"line":541,"column":27}},"type":"binary-expr","locations":[{"start":{"line":541,"column":8},"end":{"line":541,"column":17}},{"start":{"line":541,"column":17},"end":{"line":541,"column":27}}],"line":541},"4":{"loc":{"start":{"line":543,"column":6},"end":{"line":582,"column":null}},"type":"if","locations":[{"start":{"line":543,"column":6},"end":{"line":582,"column":null}},{"start":{"line":563,"column":13},"end":{"line":582,"column":null}}],"line":543},"5":{"loc":{"start":{"line":546,"column":8},"end":{"line":548,"column":null}},"type":"if","locations":[{"start":{"line":546,"column":8},"end":{"line":548,"column":null}},{"start":{},"end":{}}],"line":546},"6":{"loc":{"start":{"line":549,"column":8},"end":{"line":551,"column":null}},"type":"if","locations":[{"start":{"line":549,"column":8},"end":{"line":551,"column":null}},{"start":{},"end":{}}],"line":549},"7":{"loc":{"start":{"line":552,"column":8},"end":{"line":554,"column":null}},"type":"if","locations":[{"start":{"line":552,"column":8},"end":{"line":554,"column":null}},{"start":{},"end":{}}],"line":552},"8":{"loc":{"start":{"line":555,"column":8},"end":{"line":557,"column":null}},"type":"if","locations":[{"start":{"line":555,"column":8},"end":{"line":557,"column":null}},{"start":{},"end":{}}],"line":555},"9":{"loc":{"start":{"line":590,"column":4},"end":{"line":614,"column":null}},"type":"if","locations":[{"start":{"line":590,"column":4},"end":{"line":614,"column":null}},{"start":{},"end":{}}],"line":590},"10":{"loc":{"start":{"line":590,"column":8},"end":{"line":590,"column":35}},"type":"binary-expr","locations":[{"start":{"line":590,"column":8},"end":{"line":590,"column":16}},{"start":{"line":590,"column":16},"end":{"line":590,"column":25}},{"start":{"line":590,"column":25},"end":{"line":590,"column":35}}],"line":590},"11":{"loc":{"start":{"line":619,"column":4},"end":{"line":619,"column":null}},"type":"if","locations":[{"start":{"line":619,"column":4},"end":{"line":619,"column":null}},{"start":{},"end":{}}],"line":619},"12":{"loc":{"start":{"line":623,"column":6},"end":{"line":624,"column":null}},"type":"cond-expr","locations":[{"start":{"line":623,"column":25},"end":{"line":623,"column":null}},{"start":{"line":624,"column":6},"end":{"line":624,"column":null}}],"line":623},"13":{"loc":{"start":{"line":624,"column":6},"end":{"line":624,"column":null}},"type":"cond-expr","locations":[{"start":{"line":624,"column":25},"end":{"line":624,"column":42}},{"start":{"line":624,"column":42},"end":{"line":624,"column":null}}],"line":624},"14":{"loc":{"start":{"line":646,"column":26},"end":{"line":646,"column":57}},"type":"binary-expr","locations":[{"start":{"line":646,"column":26},"end":{"line":646,"column":51}},{"start":{"line":646,"column":55},"end":{"line":646,"column":57}}],"line":646},"15":{"loc":{"start":{"line":649,"column":4},"end":{"line":663,"column":null}},"type":"if","locations":[{"start":{"line":649,"column":4},"end":{"line":663,"column":null}},{"start":{},"end":{}}],"line":649},"16":{"loc":{"start":{"line":655,"column":15},"end":{"line":655,"column":null}},"type":"cond-expr","locations":[{"start":{"line":655,"column":38},"end":{"line":655,"column":53}},{"start":{"line":655,"column":53},"end":{"line":655,"column":null}}],"line":655},"17":{"loc":{"start":{"line":655,"column":53},"end":{"line":655,"column":null}},"type":"cond-expr","locations":[{"start":{"line":655,"column":80},"end":{"line":655,"column":92}},{"start":{"line":655,"column":92},"end":{"line":655,"column":null}}],"line":655},"18":{"loc":{"start":{"line":669,"column":10},"end":{"line":669,"column":48}},"type":"binary-expr","locations":[{"start":{"line":669,"column":10},"end":{"line":669,"column":27}},{"start":{"line":669,"column":31},"end":{"line":669,"column":48}}],"line":669},"19":{"loc":{"start":{"line":671,"column":29},"end":{"line":671,"column":67}},"type":"binary-expr","locations":[{"start":{"line":671,"column":29},"end":{"line":671,"column":64}},{"start":{"line":671,"column":64},"end":{"line":671,"column":67}}],"line":671},"20":{"loc":{"start":{"line":682,"column":6},"end":{"line":701,"column":null}},"type":"if","locations":[{"start":{"line":682,"column":6},"end":{"line":701,"column":null}},{"start":{},"end":{}}],"line":682},"21":{"loc":{"start":{"line":693,"column":21},"end":{"line":693,"column":null}},"type":"binary-expr","locations":[{"start":{"line":693,"column":21},"end":{"line":693,"column":47}},{"start":{"line":693,"column":51},"end":{"line":693,"column":null}}],"line":693},"22":{"loc":{"start":{"line":715,"column":20},"end":{"line":715,"column":null}},"type":"cond-expr","locations":[{"start":{"line":715,"column":43},"end":{"line":715,"column":81}},{"start":{"line":715,"column":81},"end":{"line":715,"column":null}}],"line":715},"23":{"loc":{"start":{"line":715,"column":81},"end":{"line":715,"column":null}},"type":"cond-expr","locations":[{"start":{"line":715,"column":108},"end":{"line":715,"column":147}},{"start":{"line":715,"column":147},"end":{"line":715,"column":null}}],"line":715},"24":{"loc":{"start":{"line":774,"column":6},"end":{"line":776,"column":null}},"type":"if","locations":[{"start":{"line":774,"column":6},"end":{"line":776,"column":null}},{"start":{},"end":{}}],"line":774},"25":{"loc":{"start":{"line":783,"column":6},"end":{"line":796,"column":null}},"type":"if","locations":[{"start":{"line":783,"column":6},"end":{"line":796,"column":null}},{"start":{"line":794,"column":13},"end":{"line":796,"column":null}}],"line":783},"26":{"loc":{"start":{"line":789,"column":70},"end":{"line":789,"column":136}},"type":"binary-expr","locations":[{"start":{"line":789,"column":70},"end":{"line":789,"column":112}},{"start":{"line":789,"column":112},"end":{"line":789,"column":136}}],"line":789},"27":{"loc":{"start":{"line":794,"column":13},"end":{"line":796,"column":null}},"type":"if","locations":[{"start":{"line":794,"column":13},"end":{"line":796,"column":null}},{"start":{},"end":{}}],"line":794},"28":{"loc":{"start":{"line":806,"column":26},"end":{"line":807,"column":null}},"type":"cond-expr","locations":[{"start":{"line":806,"column":49},"end":{"line":806,"column":null}},{"start":{"line":807,"column":25},"end":{"line":807,"column":null}}],"line":806},"29":{"loc":{"start":{"line":807,"column":25},"end":{"line":807,"column":null}},"type":"cond-expr","locations":[{"start":{"line":807,"column":52},"end":{"line":807,"column":78}},{"start":{"line":807,"column":78},"end":{"line":807,"column":null}}],"line":807},"30":{"loc":{"start":{"line":846,"column":15},"end":{"line":852,"column":null}},"type":"binary-expr","locations":[{"start":{"line":846,"column":15},"end":{"line":846,"column":36}},{"start":{"line":846,"column":40},"end":{"line":852,"column":null}}],"line":846},"31":{"loc":{"start":{"line":877,"column":4},"end":{"line":877,"column":null}},"type":"if","locations":[{"start":{"line":877,"column":4},"end":{"line":877,"column":null}},{"start":{},"end":{}}],"line":877},"32":{"loc":{"start":{"line":882,"column":12},"end":{"line":882,"column":43}},"type":"binary-expr","locations":[{"start":{"line":882,"column":12},"end":{"line":882,"column":22}},{"start":{"line":882,"column":26},"end":{"line":882,"column":43}}],"line":882},"33":{"loc":{"start":{"line":892,"column":4},"end":{"line":892,"column":null}},"type":"if","locations":[{"start":{"line":892,"column":4},"end":{"line":892,"column":null}},{"start":{},"end":{}}],"line":892},"34":{"loc":{"start":{"line":895,"column":36},"end":{"line":895,"column":63}},"type":"binary-expr","locations":[{"start":{"line":895,"column":36},"end":{"line":895,"column":57}},{"start":{"line":895,"column":61},"end":{"line":895,"column":63}}],"line":895},"35":{"loc":{"start":{"line":897,"column":4},"end":{"line":920,"column":null}},"type":"if","locations":[{"start":{"line":897,"column":4},"end":{"line":920,"column":null}},{"start":{},"end":{}}],"line":897},"36":{"loc":{"start":{"line":902,"column":14},"end":{"line":902,"column":45}},"type":"binary-expr","locations":[{"start":{"line":902,"column":14},"end":{"line":902,"column":24}},{"start":{"line":902,"column":28},"end":{"line":902,"column":45}}],"line":902},"37":{"loc":{"start":{"line":903,"column":34},"end":{"line":903,"column":76}},"type":"binary-expr","locations":[{"start":{"line":903,"column":34},"end":{"line":903,"column":71}},{"start":{"line":903,"column":71},"end":{"line":903,"column":76}}],"line":903},"38":{"loc":{"start":{"line":904,"column":27},"end":{"line":907,"column":null}},"type":"cond-expr","locations":[{"start":{"line":905,"column":12},"end":{"line":906,"column":null}},{"start":{"line":907,"column":13},"end":{"line":907,"column":null}}],"line":904},"39":{"loc":{"start":{"line":905,"column":26},"end":{"line":905,"column":68}},"type":"binary-expr","locations":[{"start":{"line":905,"column":26},"end":{"line":905,"column":63}},{"start":{"line":905,"column":63},"end":{"line":905,"column":68}}],"line":905},"40":{"loc":{"start":{"line":907,"column":13},"end":{"line":907,"column":null}},"type":"binary-expr","locations":[{"start":{"line":907,"column":13},"end":{"line":907,"column":44}},{"start":{"line":907,"column":44},"end":{"line":907,"column":null}}],"line":907},"41":{"loc":{"start":{"line":910,"column":14},"end":{"line":910,"column":71}},"type":"binary-expr","locations":[{"start":{"line":910,"column":14},"end":{"line":910,"column":37}},{"start":{"line":910,"column":41},"end":{"line":910,"column":71}}],"line":910},"42":{"loc":{"start":{"line":911,"column":29},"end":{"line":911,"column":79}},"type":"binary-expr","locations":[{"start":{"line":911,"column":29},"end":{"line":911,"column":74}},{"start":{"line":911,"column":74},"end":{"line":911,"column":79}}],"line":911},"43":{"loc":{"start":{"line":924,"column":4},"end":{"line":924,"column":null}},"type":"if","locations":[{"start":{"line":924,"column":4},"end":{"line":924,"column":null}},{"start":{},"end":{}}],"line":924},"44":{"loc":{"start":{"line":927,"column":21},"end":{"line":927,"column":97}},"type":"cond-expr","locations":[{"start":{"line":927,"column":57},"end":{"line":927,"column":84}},{"start":{"line":927,"column":84},"end":{"line":927,"column":97}}],"line":927},"45":{"loc":{"start":{"line":930,"column":33},"end":{"line":930,"column":57}},"type":"binary-expr","locations":[{"start":{"line":930,"column":33},"end":{"line":930,"column":51}},{"start":{"line":930,"column":55},"end":{"line":930,"column":57}}],"line":930},"46":{"loc":{"start":{"line":933,"column":4},"end":{"line":951,"column":null}},"type":"if","locations":[{"start":{"line":933,"column":4},"end":{"line":951,"column":null}},{"start":{},"end":{}}],"line":933},"47":{"loc":{"start":{"line":944,"column":14},"end":{"line":944,"column":45}},"type":"binary-expr","locations":[{"start":{"line":944,"column":14},"end":{"line":944,"column":24}},{"start":{"line":944,"column":28},"end":{"line":944,"column":45}}],"line":944},"48":{"loc":{"start":{"line":945,"column":26},"end":{"line":945,"column":60}},"type":"binary-expr","locations":[{"start":{"line":945,"column":26},"end":{"line":945,"column":55}},{"start":{"line":945,"column":55},"end":{"line":945,"column":60}}],"line":945},"49":{"loc":{"start":{"line":955,"column":4},"end":{"line":955,"column":null}},"type":"if","locations":[{"start":{"line":955,"column":4},"end":{"line":955,"column":null}},{"start":{},"end":{}}],"line":955},"50":{"loc":{"start":{"line":958,"column":4},"end":{"line":958,"column":null}},"type":"if","locations":[{"start":{"line":958,"column":4},"end":{"line":958,"column":null}},{"start":{},"end":{}}],"line":958},"51":{"loc":{"start":{"line":976,"column":4},"end":{"line":976,"column":null}},"type":"if","locations":[{"start":{"line":976,"column":4},"end":{"line":976,"column":null}},{"start":{},"end":{}}],"line":976},"52":{"loc":{"start":{"line":976,"column":8},"end":{"line":976,"column":35}},"type":"binary-expr","locations":[{"start":{"line":976,"column":8},"end":{"line":976,"column":17}},{"start":{"line":976,"column":17},"end":{"line":976,"column":35}}],"line":976},"53":{"loc":{"start":{"line":978,"column":27},"end":{"line":978,"column":51}},"type":"binary-expr","locations":[{"start":{"line":978,"column":27},"end":{"line":978,"column":45}},{"start":{"line":978,"column":49},"end":{"line":978,"column":51}}],"line":978},"54":{"loc":{"start":{"line":979,"column":23},"end":{"line":979,"column":null}},"type":"binary-expr","locations":[{"start":{"line":979,"column":23},"end":{"line":979,"column":67}},{"start":{"line":979,"column":67},"end":{"line":979,"column":null}}],"line":979},"55":{"loc":{"start":{"line":981,"column":4},"end":{"line":984,"column":null}},"type":"if","locations":[{"start":{"line":981,"column":4},"end":{"line":984,"column":null}},{"start":{},"end":{}}],"line":981},"56":{"loc":{"start":{"line":1011,"column":4},"end":{"line":1011,"column":null}},"type":"if","locations":[{"start":{"line":1011,"column":4},"end":{"line":1011,"column":null}},{"start":{},"end":{}}],"line":1011},"57":{"loc":{"start":{"line":1011,"column":8},"end":{"line":1011,"column":35}},"type":"binary-expr","locations":[{"start":{"line":1011,"column":8},"end":{"line":1011,"column":17}},{"start":{"line":1011,"column":17},"end":{"line":1011,"column":35}}],"line":1011},"58":{"loc":{"start":{"line":1015,"column":21},"end":{"line":1015,"column":null}},"type":"binary-expr","locations":[{"start":{"line":1015,"column":21},"end":{"line":1015,"column":85}},{"start":{"line":1015,"column":85},"end":{"line":1015,"column":null}}],"line":1015},"59":{"loc":{"start":{"line":1023,"column":4},"end":{"line":1023,"column":null}},"type":"if","locations":[{"start":{"line":1023,"column":4},"end":{"line":1023,"column":null}},{"start":{},"end":{}}],"line":1023},"60":{"loc":{"start":{"line":1028,"column":12},"end":{"line":1028,"column":69}},"type":"binary-expr","locations":[{"start":{"line":1028,"column":12},"end":{"line":1028,"column":35}},{"start":{"line":1028,"column":39},"end":{"line":1028,"column":69}}],"line":1028},"61":{"loc":{"start":{"line":1038,"column":4},"end":{"line":1038,"column":null}},"type":"if","locations":[{"start":{"line":1038,"column":4},"end":{"line":1038,"column":null}},{"start":{},"end":{}}],"line":1038},"62":{"loc":{"start":{"line":1042,"column":21},"end":{"line":1042,"column":87}},"type":"binary-expr","locations":[{"start":{"line":1042,"column":21},"end":{"line":1042,"column":85}},{"start":{"line":1042,"column":85},"end":{"line":1042,"column":87}}],"line":1042},"63":{"loc":{"start":{"line":1044,"column":12},"end":{"line":1044,"column":43}},"type":"binary-expr","locations":[{"start":{"line":1044,"column":12},"end":{"line":1044,"column":22}},{"start":{"line":1044,"column":26},"end":{"line":1044,"column":43}}],"line":1044},"64":{"loc":{"start":{"line":1045,"column":36},"end":{"line":1045,"column":70}},"type":"binary-expr","locations":[{"start":{"line":1045,"column":36},"end":{"line":1045,"column":65}},{"start":{"line":1045,"column":65},"end":{"line":1045,"column":70}}],"line":1045},"65":{"loc":{"start":{"line":1054,"column":4},"end":{"line":1054,"column":null}},"type":"if","locations":[{"start":{"line":1054,"column":4},"end":{"line":1054,"column":null}},{"start":{},"end":{}}],"line":1054},"66":{"loc":{"start":{"line":1056,"column":28},"end":{"line":1056,"column":58}},"type":"binary-expr","locations":[{"start":{"line":1056,"column":28},"end":{"line":1056,"column":52}},{"start":{"line":1056,"column":56},"end":{"line":1056,"column":58}}],"line":1056},"67":{"loc":{"start":{"line":1059,"column":4},"end":{"line":1071,"column":null}},"type":"if","locations":[{"start":{"line":1059,"column":4},"end":{"line":1071,"column":null}},{"start":{"line":1065,"column":11},"end":{"line":1071,"column":null}}],"line":1059},"68":{"loc":{"start":{"line":1086,"column":4},"end":{"line":1086,"column":null}},"type":"if","locations":[{"start":{"line":1086,"column":4},"end":{"line":1086,"column":null}},{"start":{},"end":{}}],"line":1086},"69":{"loc":{"start":{"line":1088,"column":25},"end":{"line":1088,"column":48}},"type":"binary-expr","locations":[{"start":{"line":1088,"column":25},"end":{"line":1088,"column":42}},{"start":{"line":1088,"column":46},"end":{"line":1088,"column":48}}],"line":1088},"70":{"loc":{"start":{"line":1089,"column":32},"end":{"line":1089,"column":62}},"type":"binary-expr","locations":[{"start":{"line":1089,"column":32},"end":{"line":1089,"column":56}},{"start":{"line":1089,"column":60},"end":{"line":1089,"column":62}}],"line":1089},"71":{"loc":{"start":{"line":1090,"column":18},"end":{"line":1090,"column":null}},"type":"binary-expr","locations":[{"start":{"line":1090,"column":18},"end":{"line":1090,"column":28}},{"start":{"line":1090,"column":32},"end":{"line":1090,"column":null}}],"line":1090},"72":{"loc":{"start":{"line":1091,"column":31},"end":{"line":1091,"column":null}},"type":"binary-expr","locations":[{"start":{"line":1091,"column":31},"end":{"line":1091,"column":54}},{"start":{"line":1091,"column":58},"end":{"line":1091,"column":null}}],"line":1091},"73":{"loc":{"start":{"line":1098,"column":30},"end":{"line":1098,"column":null}},"type":"cond-expr","locations":[{"start":{"line":1098,"column":41},"end":{"line":1098,"column":65}},{"start":{"line":1098,"column":68},"end":{"line":1098,"column":null}}],"line":1098},"74":{"loc":{"start":{"line":1102,"column":6},"end":{"line":1150,"column":null}},"type":"switch","locations":[{"start":{"line":1103,"column":8},"end":{"line":1105,"column":null}},{"start":{"line":1106,"column":8},"end":{"line":1108,"column":null}},{"start":{"line":1109,"column":8},"end":{"line":1111,"column":null}},{"start":{"line":1112,"column":8},"end":{"line":1114,"column":null}},{"start":{"line":1115,"column":8},"end":{"line":1117,"column":null}},{"start":{"line":1118,"column":8},"end":{"line":1120,"column":null}},{"start":{"line":1121,"column":8},"end":{"line":1123,"column":null}},{"start":{"line":1124,"column":8},"end":{"line":1126,"column":null}},{"start":{"line":1127,"column":8},"end":{"line":1129,"column":null}},{"start":{"line":1130,"column":8},"end":{"line":1132,"column":null}},{"start":{"line":1133,"column":8},"end":{"line":1135,"column":null}},{"start":{"line":1136,"column":8},"end":{"line":1138,"column":null}},{"start":{"line":1139,"column":8},"end":{"line":1141,"column":null}},{"start":{"line":1142,"column":8},"end":{"line":1144,"column":null}},{"start":{"line":1145,"column":8},"end":{"line":1147,"column":null}},{"start":{"line":1148,"column":8},"end":{"line":1149,"column":null}}],"line":1102},"75":{"loc":{"start":{"line":1137,"column":48},"end":{"line":1137,"column":null}},"type":"binary-expr","locations":[{"start":{"line":1137,"column":48},"end":{"line":1137,"column":58}},{"start":{"line":1137,"column":62},"end":{"line":1137,"column":null}}],"line":1137},"76":{"loc":{"start":{"line":1152,"column":6},"end":{"line":1160,"column":null}},"type":"if","locations":[{"start":{"line":1152,"column":6},"end":{"line":1160,"column":null}},{"start":{},"end":{}}],"line":1152},"77":{"loc":{"start":{"line":1152,"column":10},"end":{"line":1152,"column":47}},"type":"binary-expr","locations":[{"start":{"line":1152,"column":10},"end":{"line":1152,"column":26}},{"start":{"line":1152,"column":26},"end":{"line":1152,"column":47}}],"line":1152},"78":{"loc":{"start":{"line":1165,"column":4},"end":{"line":1180,"column":null}},"type":"if","locations":[{"start":{"line":1165,"column":4},"end":{"line":1180,"column":null}},{"start":{},"end":{}}],"line":1165}},"s":{"0":6,"1":6,"2":158,"3":158,"4":0,"5":158,"6":6,"7":6,"8":89,"9":89,"10":48,"11":48,"12":12,"13":12,"14":2,"15":2,"16":89,"17":14,"18":89,"19":9,"20":89,"21":14,"22":89,"23":6,"24":5,"25":5,"26":0,"27":0,"28":0,"29":0,"30":0,"31":0,"32":0,"33":0,"34":0,"35":0,"36":0,"37":0,"38":5,"39":5,"40":5,"41":5,"42":1,"43":89,"44":11,"45":9,"46":9,"47":9,"48":9,"49":8,"50":9,"51":2,"52":89,"53":4,"54":3,"55":1,"56":1,"57":4,"58":4,"59":4,"60":1,"61":1,"62":4,"63":0,"64":4,"65":1,"66":1,"67":1,"68":4,"69":4,"70":89,"71":1,"72":1,"73":1,"74":0,"75":0,"76":0,"77":0,"78":0,"79":0,"80":1,"81":1,"82":0,"83":1,"84":1,"85":1,"86":1,"87":0,"88":0,"89":0,"90":0,"91":0,"92":0,"93":0,"94":0,"95":1,"96":1,"97":1,"98":1,"99":1,"100":1,"101":1,"102":1,"103":89,"104":2,"105":2,"106":89,"107":5,"108":1,"109":4,"110":5,"111":5,"112":89,"113":2,"114":0,"115":2,"116":2,"117":2,"118":2,"119":0,"120":2,"121":2,"122":2,"123":89,"124":1,"125":0,"126":1,"127":1,"128":1,"129":1,"130":0,"131":1,"132":1,"133":1,"134":1,"135":1,"136":89,"137":0,"138":0,"139":0,"140":0,"141":0,"142":0,"143":0,"144":0,"145":0,"146":89,"147":0,"148":0,"149":0,"150":0,"151":0,"152":0,"153":0,"154":0,"155":0,"156":0,"157":0,"158":0,"159":0,"160":0,"161":89,"162":0,"163":0,"164":0,"165":0,"166":0,"167":0,"168":89,"169":0,"170":0,"171":0,"172":0,"173":0,"174":89,"175":1,"176":0,"177":1,"178":1,"179":1,"180":1,"181":89,"182":2,"183":0,"184":2,"185":2,"186":0,"187":2,"188":0,"189":2,"190":2,"191":2,"192":2,"193":2,"194":89,"195":14,"196":8,"197":6,"198":14,"199":14,"200":14,"201":14,"202":14,"203":14,"204":77,"205":52,"206":77,"207":77,"208":77,"209":3,"210":3,"211":3,"212":3,"213":3,"214":3,"215":3,"216":3,"217":3,"218":3,"219":3,"220":3,"221":3,"222":3,"223":3,"224":3,"225":3,"226":3,"227":3,"228":3,"229":3,"230":3,"231":3,"232":61,"233":3,"234":3,"235":75,"236":3,"237":3,"238":75,"239":3,"240":3,"241":75,"242":3,"243":32,"244":77,"245":5,"246":5,"247":5,"248":72,"249":14,"250":5,"251":77,"252":5,"253":77,"254":6,"255":5,"256":5,"257":5,"258":89},"f":{"0":158,"1":89,"2":48,"3":14,"4":9,"5":14,"6":6,"7":0,"8":11,"9":8,"10":4,"11":0,"12":1,"13":0,"14":0,"15":1,"16":1,"17":2,"18":5,"19":2,"20":0,"21":1,"22":0,"23":0,"24":0,"25":0,"26":0,"27":0,"28":0,"29":1,"30":1,"31":2,"32":0,"33":14,"34":77,"35":52,"36":61,"37":75,"38":75,"39":75,"40":77,"41":77,"42":6},"b":{"0":[0,158],"1":[12,36],"2":[5,1],"3":[6,5],"4":[0,5],"5":[0,0],"6":[0,0],"7":[0,0],"8":[0,0],"9":[9,2],"10":[11,9,9],"11":[3,1],"12":[1,0],"13":[0,0],"14":[1,1],"15":[1,3],"16":[0,1],"17":[0,1],"18":[1,0],"19":[4,1],"20":[0,1],"21":[0,0],"22":[0,1],"23":[0,1],"24":[0,1],"25":[0,0],"26":[0,0],"27":[0,0],"28":[0,1],"29":[0,1],"30":[1,1],"31":[1,4],"32":[4,0],"33":[0,2],"34":[2,2],"35":[2,0],"36":[2,0],"37":[2,2],"38":[0,2],"39":[0,0],"40":[2,2],"41":[2,0],"42":[2,2],"43":[0,1],"44":[0,1],"45":[1,0],"46":[1,0],"47":[1,0],"48":[1,1],"49":[0,0],"50":[0,0],"51":[0,0],"52":[0,0],"53":[0,0],"54":[0,0],"55":[0,0],"56":[0,0],"57":[0,0],"58":[0,0],"59":[0,0],"60":[0,0],"61":[0,1],"62":[1,0],"63":[1,0],"64":[1,1],"65":[0,2],"66":[2,0],"67":[0,2],"68":[8,6],"69":[6,1],"70":[14,1],"71":[14,0],"72":[14,0],"73":[4,73],"74":[3,3,3,3,3,3,3,3,3,3,3,3,3,3,3,32],"75":[61,1],"76":[5,72],"77":[77,6],"78":[5,9]},"meta":{"lastBranch":79,"lastFunction":43,"lastStatement":259,"seen":{"s:154:6:154:Infinity":0,"s:156:23:162:Infinity":1,"f:156:23:156:Infinity":0,"s:157:8:157:Infinity":2,"b:158:2:160:Infinity:undefined:undefined:undefined:undefined":0,"s:158:2:160:Infinity":3,"s:159:4:159:Infinity":4,"s:161:2:161:Infinity":5,"s:167:54:219:Infinity":6,"s:221:69:1207:Infinity":7,"f:221:69:221:70":1,"s:222:23:222:Infinity":8,"s:225:2:235:Infinity":9,"f:225:12:225:Infinity":2,"s:226:22:226:Infinity":10,"b:227:4:234:Infinity:undefined:undefined:undefined:undefined":1,"s:227:4:234:Infinity":11,"s:228:6:233:Infinity":12,"s:229:8:229:Infinity":13,"s:231:8:231:Infinity":14,"s:232:8:232:Infinity":15,"s:237:26:245:Infinity":16,"f:237:26:237:44":3,"s:237:44:245:Infinity":17,"s:247:33:527:Infinity":18,"f:247:33:247:54":4,"s:247:54:527:Infinity":19,"s:529:39:537:Infinity":20,"f:529:39:529:66":5,"s:529:66:537:Infinity":21,"s:539:16:586:Infinity":22,"f:539:16:539:23":6,"b:541:4:584:Infinity:undefined:undefined:undefined:undefined":2,"s:541:4:584:Infinity":23,"b:541:8:541:17:541:17:541:27":3,"s:542:27:542:Infinity":24,"b:543:6:582:Infinity:563:13:582:Infinity":4,"s:543:6:582:Infinity":25,"s:544:27:544:Infinity":26,"b:546:8:548:Infinity:undefined:undefined:undefined:undefined":5,"s:546:8:548:Infinity":27,"s:547:10:547:Infinity":28,"b:549:8:551:Infinity:undefined:undefined:undefined:undefined":6,"s:549:8:551:Infinity":29,"s:550:10:550:Infinity":30,"b:552:8:554:Infinity:undefined:undefined:undefined:undefined":7,"s:552:8:554:Infinity":31,"s:553:10:553:Infinity":32,"b:555:8:557:Infinity:undefined:undefined:undefined:undefined":8,"s:555:8:557:Infinity":33,"s:556:10:556:Infinity":34,"s:558:8:558:Infinity":35,"s:560:8:562:Infinity":36,"f:560:19:560:Infinity":7,"s:561:10:561:Infinity":37,"s:564:31:579:Infinity":38,"s:580:8:580:Infinity":39,"s:581:8:581:Infinity":40,"s:583:6:583:Infinity":41,"s:585:4:585:Infinity":42,"s:588:19:616:Infinity":43,"f:588:19:588:26":8,"b:590:4:614:Infinity:undefined:undefined:undefined:undefined":9,"s:590:4:614:Infinity":44,"b:590:8:590:16:590:16:590:25:590:25:590:35":10,"s:591:31:608:Infinity":45,"s:609:6:609:Infinity":46,"s:610:6:610:Infinity":47,"s:612:6:612:Infinity":48,"f:612:17:612:23":9,"s:612:23:612:44":49,"s:613:6:613:Infinity":50,"s:615:4:615:Infinity":51,"s:618:33:676:Infinity":52,"f:618:33:618:40":10,"b:619:4:619:Infinity:undefined:undefined:undefined:undefined":11,"s:619:4:619:Infinity":53,"s:619:15:619:Infinity":54,"s:621:23:621:Infinity":55,"s:623:6:624:Infinity":56,"b:623:25:623:Infinity:624:6:624:Infinity":12,"b:624:25:624:42:624:42:624:Infinity":13,"s:626:47:632:Infinity":57,"s:634:24:638:Infinity":58,"s:641:31:641:Infinity":59,"s:643:4:643:Infinity":60,"s:646:26:646:57":61,"b:646:26:646:51:646:55:646:57":14,"s:647:39:647:Infinity":62,"f:647:58:647:68":11,"s:647:68:647:Infinity":63,"b:649:4:663:Infinity:undefined:undefined:undefined:undefined":15,"s:649:4:663:Infinity":64,"s:650:6:662:Infinity":65,"b:655:38:655:53:655:53:655:Infinity":16,"b:655:80:655:92:655:92:655:Infinity":17,"s:665:4:665:Infinity":66,"s:668:4:672:Infinity":67,"b:669:10:669:27:669:31:669:48":18,"b:671:29:671:64:671:64:671:67":19,"s:674:4:674:Infinity":68,"s:675:4:675:Infinity":69,"s:678:37:869:Infinity":70,"f:678:37:678:44":12,"s:679:4:868:Infinity":71,"s:681:29:681:Infinity":72,"b:682:6:701:Infinity:undefined:undefined:undefined:undefined":20,"s:682:6:701:Infinity":73,"s:683:35:684:Infinity":74,"f:683:67:683:68":13,"s:684:10:684:63":75,"s:687:8:700:Infinity":76,"f:691:25:691:26":14,"s:692:26:692:89":77,"s:693:21:693:Infinity":78,"b:693:21:693:47:693:51:693:Infinity":21,"s:694:2:697:Infinity":79,"s:703:23:772:Infinity":80,"b:715:43:715:81:715:81:715:Infinity":22,"b:715:108:715:147:715:147:715:Infinity":23,"b:774:6:776:Infinity:undefined:undefined:undefined:undefined":24,"s:774:6:776:Infinity":81,"s:775:8:775:Infinity":82,"s:778:19:778:Infinity":83,"s:779:25:779:Infinity":84,"s:782:20:782:22":85,"b:783:6:796:Infinity:794:13:796:Infinity":25,"s:783:6:796:Infinity":86,"s:785:33:785:Infinity":87,"s:786:8:793:Infinity":88,"s:786:21:786:24":89,"s:787:32:787:Infinity":90,"s:788:10:792:Infinity":91,"b:789:70:789:112:789:112:789:136":26,"b:794:13:796:Infinity:undefined:undefined:undefined:undefined":27,"s:794:13:796:Infinity":92,"s:795:8:795:Infinity":93,"s:798:6:802:Infinity":94,"s:804:6:804:Infinity":95,"s:806:26:807:Infinity":96,"b:806:49:806:Infinity:807:25:807:Infinity":28,"b:807:52:807:78:807:78:807:Infinity":29,"s:809:32:811:96":97,"s:814:38:853:Infinity":98,"f:814:38:814:39":15,"s:815:58:844:Infinity":99,"s:846:8:852:Infinity":100,"b:846:15:846:36:846:40:852:Infinity":30,"s:855:6:867:Infinity":101,"f:862:32:862:33":16,"s:862:51:866:Infinity":102,"s:871:17:874:Infinity":103,"f:871:17:871:Infinity":17,"s:872:4:872:Infinity":104,"s:873:4:873:Infinity":105,"s:876:26:889:Infinity":106,"f:876:26:876:27":18,"b:877:4:877:Infinity:undefined:undefined:undefined:undefined":31,"s:877:4:877:Infinity":107,"s:877:15:877:Infinity":108,"s:879:24:885:Infinity":109,"b:882:12:882:22:882:26:882:43":32,"s:887:4:887:Infinity":110,"s:888:4:888:Infinity":111,"s:891:25:921:Infinity":112,"f:891:25:891:26":19,"b:892:4:892:Infinity:undefined:undefined:undefined:undefined":33,"s:892:4:892:Infinity":113,"s:892:15:892:Infinity":114,"s:894:22:894:47":115,"s:895:36:895:63":116,"b:895:36:895:57:895:61:895:63":34,"b:897:4:920:Infinity:undefined:undefined:undefined:undefined":35,"s:897:4:920:Infinity":117,"s:898:26:913:Infinity":118,"b:902:14:902:24:902:28:902:45":36,"b:903:34:903:71:903:71:903:76":37,"b:905:12:906:Infinity:907:13:907:Infinity":38,"b:905:26:905:63:905:63:905:68":39,"f:906:53:906:54":20,"s:906:67:906:91":119,"b:907:13:907:44:907:44:907:Infinity":40,"b:910:14:910:37:910:41:910:71":41,"b:911:29:911:74:911:74:911:79":42,"s:915:6:915:Infinity":120,"s:916:6:916:Infinity":121,"s:919:6:919:Infinity":122,"s:923:22:952:Infinity":123,"f:923:22:923:23":21,"b:924:4:924:Infinity:undefined:undefined:undefined:undefined":43,"s:924:4:924:Infinity":124,"s:924:15:924:Infinity":125,"s:927:21:927:97":126,"b:927:57:927:84:927:84:927:97":44,"s:928:33:928:Infinity":127,"s:930:33:930:57":128,"b:930:33:930:51:930:55:930:57":45,"s:931:32:931:Infinity":129,"f:931:63:931:73":22,"s:931:73:931:Infinity":130,"b:933:4:951:Infinity:undefined:undefined:undefined:undefined":46,"s:933:4:951:Infinity":131,"s:935:38:938:Infinity":132,"s:940:26:947:Infinity":133,"b:944:14:944:24:944:28:944:45":47,"b:945:26:945:55:945:55:945:60":48,"s:949:6:949:Infinity":134,"s:950:6:950:Infinity":135,"s:954:29:973:Infinity":136,"f:954:29:954:36":23,"b:955:4:955:Infinity:undefined:undefined:undefined:undefined":49,"s:955:4:955:Infinity":137,"s:955:15:955:Infinity":138,"s:957:25:957:Infinity":139,"f:957:49:957:57":24,"s:957:57:957:Infinity":140,"b:958:4:958:Infinity:undefined:undefined:undefined:undefined":50,"s:958:4:958:Infinity":141,"s:958:23:958:Infinity":142,"s:960:24:969:Infinity":143,"s:971:4:971:Infinity":144,"s:972:4:972:Infinity":145,"s:975:26:1008:Infinity":146,"f:975:26:975:33":25,"b:976:4:976:Infinity:undefined:undefined:undefined:undefined":51,"s:976:4:976:Infinity":147,"b:976:8:976:17:976:17:976:35":52,"s:976:37:976:Infinity":148,"s:978:27:978:51":149,"b:978:27:978:45:978:49:978:51":53,"s:979:23:979:Infinity":150,"b:979:23:979:67:979:67:979:Infinity":54,"b:981:4:984:Infinity:undefined:undefined:undefined:undefined":55,"s:981:4:984:Infinity":151,"s:982:6:982:Infinity":152,"s:983:6:983:Infinity":153,"s:987:21:987:109":154,"s:988:21:988:Infinity":155,"s:990:36:997:Infinity":156,"s:999:24:1002:Infinity":157,"s:1004:4:1004:Infinity":158,"s:1005:4:1005:Infinity":159,"s:1007:4:1007:Infinity":160,"s:1010:29:1020:Infinity":161,"f:1010:29:1010:36":26,"b:1011:4:1011:Infinity:undefined:undefined:undefined:undefined":56,"s:1011:4:1011:Infinity":162,"b:1011:8:1011:17:1011:17:1011:35":57,"s:1011:37:1011:Infinity":163,"s:1013:24:1016:Infinity":164,"b:1015:21:1015:85:1015:85:1015:Infinity":58,"f:1015:48:1015:58":27,"s:1015:58:1015:85":165,"s:1018:4:1018:Infinity":166,"s:1019:4:1019:Infinity":167,"s:1022:35:1035:Infinity":168,"f:1022:35:1022:36":28,"b:1023:4:1023:Infinity:undefined:undefined:undefined:undefined":59,"s:1023:4:1023:Infinity":169,"s:1023:15:1023:Infinity":170,"s:1025:24:1031:Infinity":171,"b:1028:12:1028:35:1028:39:1028:69":60,"s:1033:4:1033:Infinity":172,"s:1034:4:1034:Infinity":173,"s:1037:21:1051:Infinity":174,"f:1037:21:1037:22":29,"b:1038:4:1038:Infinity:undefined:undefined:undefined:undefined":61,"s:1038:4:1038:Infinity":175,"s:1038:15:1038:Infinity":176,"s:1040:24:1047:Infinity":177,"b:1042:21:1042:85:1042:85:1042:87":62,"f:1042:48:1042:58":30,"s:1042:58:1042:85":178,"b:1044:12:1044:22:1044:26:1044:43":63,"b:1045:36:1045:65:1045:65:1045:70":64,"s:1049:4:1049:Infinity":179,"s:1050:4:1050:Infinity":180,"s:1053:36:1083:Infinity":181,"f:1053:36:1053:37":31,"b:1054:4:1054:Infinity:undefined:undefined:undefined:undefined":65,"s:1054:4:1054:Infinity":182,"s:1054:15:1054:Infinity":183,"s:1056:28:1056:58":184,"b:1056:28:1056:52:1056:56:1056:58":66,"s:1057:34:1057:Infinity":185,"f:1057:60:1057:65":32,"s:1057:65:1057:Infinity":186,"b:1059:4:1071:Infinity:1065:11:1071:Infinity":67,"s:1059:4:1071:Infinity":187,"s:1060:6:1064:Infinity":188,"s:1066:6:1070:Infinity":189,"s:1073:24:1076:Infinity":190,"s:1078:4:1078:Infinity":191,"s:1079:4:1079:Infinity":192,"s:1082:4:1082:Infinity":193,"s:1085:28:1181:Infinity":194,"f:1085:28:1085:Infinity":33,"b:1086:4:1086:Infinity:undefined:undefined:undefined:undefined":68,"s:1086:4:1086:Infinity":195,"s:1086:15:1086:Infinity":196,"s:1088:25:1088:48":197,"b:1088:25:1088:42:1088:46:1088:48":69,"s:1089:32:1089:62":198,"b:1089:32:1089:56:1089:60:1089:62":70,"s:1090:18:1090:Infinity":199,"b:1090:18:1090:28:1090:32:1090:Infinity":71,"s:1091:31:1091:Infinity":200,"b:1091:31:1091:54:1091:58:1091:Infinity":72,"s:1093:31:1093:Infinity":201,"s:1094:22:1094:Infinity":202,"s:1096:32:1163:Infinity":203,"f:1096:49:1096:Infinity":34,"s:1097:23:1097:Infinity":204,"f:1097:48:1097:53":35,"s:1097:53:1097:87":205,"s:1098:30:1098:Infinity":206,"b:1098:41:1098:65:1098:68:1098:Infinity":73,"s:1100:25:1100:Infinity":207,"b:1103:8:1105:Infinity:1106:8:1108:Infinity:1109:8:1111:Infinity:1112:8:1114:Infinity:1115:8:1117:Infinity:1118:8:1120:Infinity:1121:8:1123:Infinity:1124:8:1126:Infinity:1127:8:1129:Infinity:1130:8:1132:Infinity:1133:8:1135:Infinity:1136:8:1138:Infinity:1139:8:1141:Infinity:1142:8:1144:Infinity:1145:8:1147:Infinity:1148:8:1149:Infinity":74,"s:1102:6:1150:Infinity":208,"s:1104:10:1104:Infinity":209,"s:1105:10:1105:Infinity":210,"s:1107:10:1107:Infinity":211,"s:1108:10:1108:Infinity":212,"s:1110:10:1110:Infinity":213,"s:1111:10:1111:Infinity":214,"s:1113:10:1113:Infinity":215,"s:1114:10:1114:Infinity":216,"s:1116:10:1116:Infinity":217,"s:1117:10:1117:Infinity":218,"s:1119:10:1119:31":219,"s:1120:10:1120:Infinity":220,"s:1122:10:1122:Infinity":221,"s:1123:10:1123:Infinity":222,"s:1125:10:1125:Infinity":223,"s:1126:10:1126:Infinity":224,"s:1128:10:1128:67":225,"s:1129:10:1129:Infinity":226,"s:1131:10:1131:68":227,"s:1132:10:1132:Infinity":228,"s:1134:10:1134:68":229,"s:1135:10:1135:Infinity":230,"s:1137:10:1137:Infinity":231,"f:1137:43:1137:48":36,"s:1137:48:1137:Infinity":232,"b:1137:48:1137:58:1137:62:1137:Infinity":75,"s:1138:10:1138:Infinity":233,"s:1140:10:1140:Infinity":234,"f:1140:45:1140:50":37,"s:1140:50:1140:60":235,"s:1141:10:1141:Infinity":236,"s:1143:10:1143:Infinity":237,"f:1143:45:1143:50":38,"s:1143:50:1143:60":238,"s:1144:10:1144:Infinity":239,"s:1146:10:1146:97":240,"f:1146:45:1146:50":39,"s:1146:50:1146:60":241,"s:1147:10:1147:Infinity":242,"s:1149:10:1149:Infinity":243,"b:1152:6:1160:Infinity:undefined:undefined:undefined:undefined":76,"s:1152:6:1160:Infinity":244,"b:1152:10:1152:26:1152:26:1152:47":77,"s:1153:8:1153:Infinity":245,"s:1154:8:1154:Infinity":246,"s:1155:8:1159:Infinity":247,"s:1162:6:1162:Infinity":248,"b:1165:4:1180:Infinity:undefined:undefined:undefined:undefined":78,"s:1165:4:1180:Infinity":249,"s:1166:28:1166:78":250,"f:1166:55:1166:60":40,"s:1166:60:1166:70":251,"s:1167:32:1167:Infinity":252,"f:1167:59:1167:64":41,"s:1167:64:1167:74":253,"f:1167:83:1167:84":42,"s:1167:95:1167:109":254,"s:1169:26:1176:Infinity":255,"s:1178:6:1178:Infinity":256,"s:1179:6:1179:Infinity":257,"s:1183:16:1200:Infinity":258}}}
,"/Users/artembutko/Desktop/teacher /windexs-ai-learn/src/lib/CEFRUtils.ts": {"path":"/Users/artembutko/Desktop/teacher /windexs-ai-learn/src/lib/CEFRUtils.ts","statementMap":{"0":{"start":{"line":3,"column":32},"end":{"line":13,"column":null}},"1":{"start":{"line":4,"column":43},"end":{"line":11,"column":null}},"2":{"start":{"line":12,"column":2},"end":{"line":12,"column":null}},"3":{"start":{"line":15,"column":39},"end":{"line":25,"column":null}},"4":{"start":{"line":16,"column":50},"end":{"line":23,"column":null}},"5":{"start":{"line":24,"column":2},"end":{"line":24,"column":null}},"6":{"start":{"line":27,"column":28},"end":{"line":34,"column":null}},"7":{"start":{"line":28,"column":2},"end":{"line":28,"column":null}},"8":{"start":{"line":28,"column":24},"end":{"line":28,"column":null}},"9":{"start":{"line":29,"column":2},"end":{"line":29,"column":null}},"10":{"start":{"line":29,"column":24},"end":{"line":29,"column":null}},"11":{"start":{"line":30,"column":2},"end":{"line":30,"column":null}},"12":{"start":{"line":30,"column":24},"end":{"line":30,"column":null}},"13":{"start":{"line":31,"column":2},"end":{"line":31,"column":null}},"14":{"start":{"line":31,"column":24},"end":{"line":31,"column":null}},"15":{"start":{"line":32,"column":2},"end":{"line":32,"column":null}},"16":{"start":{"line":32,"column":24},"end":{"line":32,"column":null}},"17":{"start":{"line":33,"column":2},"end":{"line":33,"column":null}}},"fnMap":{"0":{"name":"(anonymous_0)","decl":{"start":{"line":3,"column":32},"end":{"line":3,"column":33}},"loc":{"start":{"line":3,"column":33},"end":{"line":13,"column":null}},"line":3},"1":{"name":"(anonymous_1)","decl":{"start":{"line":15,"column":39},"end":{"line":15,"column":40}},"loc":{"start":{"line":15,"column":40},"end":{"line":25,"column":null}},"line":15},"2":{"name":"(anonymous_2)","decl":{"start":{"line":27,"column":28},"end":{"line":27,"column":29}},"loc":{"start":{"line":27,"column":29},"end":{"line":34,"column":null}},"line":27}},"branchMap":{"0":{"loc":{"start":{"line":28,"column":2},"end":{"line":28,"column":null}},"type":"if","locations":[{"start":{"line":28,"column":2},"end":{"line":28,"column":null}},{"start":{},"end":{}}],"line":28},"1":{"loc":{"start":{"line":29,"column":2},"end":{"line":29,"column":null}},"type":"if","locations":[{"start":{"line":29,"column":2},"end":{"line":29,"column":null}},{"start":{},"end":{}}],"line":29},"2":{"loc":{"start":{"line":30,"column":2},"end":{"line":30,"column":null}},"type":"if","locations":[{"start":{"line":30,"column":2},"end":{"line":30,"column":null}},{"start":{},"end":{}}],"line":30},"3":{"loc":{"start":{"line":31,"column":2},"end":{"line":31,"column":null}},"type":"if","locations":[{"start":{"line":31,"column":2},"end":{"line":31,"column":null}},{"start":{},"end":{}}],"line":31},"4":{"loc":{"start":{"line":32,"column":2},"end":{"line":32,"column":null}},"type":"if","locations":[{"start":{"line":32,"column":2},"end":{"line":32,"column":null}},{"start":{},"end":{}}],"line":32}},"s":{"0":3,"1":162,"2":162,"3":3,"4":168,"5":168,"6":3,"7":129,"8":17,"9":112,"10":112,"11":98,"12":98,"13":84,"14":84,"15":70,"16":70,"17":46},"f":{"0":162,"1":168,"2":129},"b":{"0":[17,112],"1":[14,98],"2":[14,84],"3":[14,70],"4":[24,46]},"meta":{"lastBranch":5,"lastFunction":3,"lastStatement":18,"seen":{"s:3:32:13:Infinity":0,"f:3:32:3:33":0,"s:4:43:11:Infinity":1,"s:12:2:12:Infinity":2,"s:15:39:25:Infinity":3,"f:15:39:15:40":1,"s:16:50:23:Infinity":4,"s:24:2:24:Infinity":5,"s:27:28:34:Infinity":6,"f:27:28:27:29":2,"b:28:2:28:Infinity:undefined:undefined:undefined:undefined":0,"s:28:2:28:Infinity":7,"s:28:24:28:Infinity":8,"b:29:2:29:Infinity:undefined:undefined:undefined:undefined":1,"s:29:2:29:Infinity":9,"s:29:24:29:Infinity":10,"b:30:2:30:Infinity:undefined:undefined:undefined:undefined":2,"s:30:2:30:Infinity":11,"s:30:24:30:Infinity":12,"b:31:2:31:Infinity:undefined:undefined:undefined:undefined":3,"s:31:2:31:Infinity":13,"s:31:24:31:Infinity":14,"b:32:2:32:Infinity:undefined:undefined:undefined:undefined":4,"s:32:2:32:Infinity":15,"s:32:24:32:Infinity":16,"s:33:2:33:Infinity":17}}}
,"/Users/artembutko/Desktop/teacher /windexs-ai-learn/src/lib/numbersToWords.ts": {"path":"/Users/artembutko/Desktop/teacher /windexs-ai-learn/src/lib/numbersToWords.ts","statementMap":{"0":{"start":{"line":3,"column":14},"end":{"line":3,"column":null}},"1":{"start":{"line":4,"column":22},"end":{"line":4,"column":null}},"2":{"start":{"line":5,"column":14},"end":{"line":5,"column":null}},"3":{"start":{"line":6,"column":13},"end":{"line":6,"column":null}},"4":{"start":{"line":7,"column":17},"end":{"line":7,"column":null}},"5":{"start":{"line":9,"column":18},"end":{"line":9,"column":null}},"6":{"start":{"line":10,"column":17},"end":{"line":10,"column":null}},"7":{"start":{"line":13,"column":2},"end":{"line":13,"column":36}},"8":{"start":{"line":13,"column":15},"end":{"line":13,"column":36}},"9":{"start":{"line":14,"column":2},"end":{"line":14,"column":45}},"10":{"start":{"line":14,"column":24},"end":{"line":14,"column":45}},"11":{"start":{"line":15,"column":2},"end":{"line":15,"column":23}},"12":{"start":{"line":19,"column":2},"end":{"line":19,"column":null}},"13":{"start":{"line":19,"column":15},"end":{"line":19,"column":null}},"14":{"start":{"line":20,"column":2},"end":{"line":20,"column":null}},"15":{"start":{"line":20,"column":24},"end":{"line":20,"column":null}},"16":{"start":{"line":21,"column":2},"end":{"line":21,"column":null}},"17":{"start":{"line":26,"column":2},"end":{"line":26,"column":null}},"18":{"start":{"line":26,"column":15},"end":{"line":26,"column":null}},"19":{"start":{"line":28,"column":15},"end":{"line":28,"column":null}},"20":{"start":{"line":31,"column":12},"end":{"line":31,"column":null}},"21":{"start":{"line":32,"column":2},"end":{"line":34,"column":null}},"22":{"start":{"line":33,"column":4},"end":{"line":33,"column":null}},"23":{"start":{"line":37,"column":20},"end":{"line":37,"column":null}},"24":{"start":{"line":38,"column":2},"end":{"line":40,"column":null}},"25":{"start":{"line":39,"column":4},"end":{"line":39,"column":null}},"26":{"start":{"line":42,"column":2},"end":{"line":53,"column":null}},"27":{"start":{"line":43,"column":4},"end":{"line":43,"column":null}},"28":{"start":{"line":44,"column":9},"end":{"line":53,"column":null}},"29":{"start":{"line":45,"column":4},"end":{"line":45,"column":null}},"30":{"start":{"line":47,"column":14},"end":{"line":47,"column":null}},"31":{"start":{"line":48,"column":14},"end":{"line":48,"column":null}},"32":{"start":{"line":49,"column":4},"end":{"line":49,"column":null}},"33":{"start":{"line":50,"column":4},"end":{"line":52,"column":null}},"34":{"start":{"line":51,"column":6},"end":{"line":51,"column":null}},"35":{"start":{"line":55,"column":2},"end":{"line":55,"column":null}},"36":{"start":{"line":59,"column":2},"end":{"line":59,"column":null}},"37":{"start":{"line":59,"column":15},"end":{"line":59,"column":null}},"38":{"start":{"line":61,"column":15},"end":{"line":61,"column":null}},"39":{"start":{"line":64,"column":12},"end":{"line":64,"column":null}},"40":{"start":{"line":65,"column":2},"end":{"line":67,"column":null}},"41":{"start":{"line":66,"column":4},"end":{"line":66,"column":null}},"42":{"start":{"line":70,"column":20},"end":{"line":70,"column":null}},"43":{"start":{"line":71,"column":2},"end":{"line":73,"column":null}},"44":{"start":{"line":72,"column":4},"end":{"line":72,"column":null}},"45":{"start":{"line":75,"column":2},"end":{"line":88,"column":null}},"46":{"start":{"line":76,"column":4},"end":{"line":76,"column":23}},"47":{"start":{"line":77,"column":9},"end":{"line":88,"column":null}},"48":{"start":{"line":78,"column":4},"end":{"line":78,"column":null}},"49":{"start":{"line":79,"column":9},"end":{"line":88,"column":null}},"50":{"start":{"line":80,"column":4},"end":{"line":80,"column":null}},"51":{"start":{"line":82,"column":14},"end":{"line":82,"column":null}},"52":{"start":{"line":83,"column":14},"end":{"line":83,"column":null}},"53":{"start":{"line":84,"column":4},"end":{"line":84,"column":null}},"54":{"start":{"line":85,"column":4},"end":{"line":87,"column":null}},"55":{"start":{"line":86,"column":6},"end":{"line":86,"column":null}},"56":{"start":{"line":90,"column":2},"end":{"line":90,"column":null}},"57":{"start":{"line":94,"column":2},"end":{"line":94,"column":null}},"58":{"start":{"line":94,"column":17},"end":{"line":94,"column":null}},"59":{"start":{"line":95,"column":2},"end":{"line":95,"column":null}},"60":{"start":{"line":95,"column":15},"end":{"line":95,"column":null}},"61":{"start":{"line":97,"column":26},"end":{"line":97,"column":28}},"62":{"start":{"line":98,"column":18},"end":{"line":98,"column":null}},"63":{"start":{"line":101,"column":22},"end":{"line":101,"column":null}},"64":{"start":{"line":102,"column":2},"end":{"line":105,"column":null}},"65":{"start":{"line":103,"column":4},"end":{"line":103,"column":null}},"66":{"start":{"line":104,"column":4},"end":{"line":104,"column":null}},"67":{"start":{"line":108,"column":23},"end":{"line":108,"column":null}},"68":{"start":{"line":109,"column":2},"end":{"line":112,"column":null}},"69":{"start":{"line":110,"column":4},"end":{"line":110,"column":null}},"70":{"start":{"line":111,"column":4},"end":{"line":111,"column":null}},"71":{"start":{"line":115,"column":2},"end":{"line":117,"column":null}},"72":{"start":{"line":116,"column":4},"end":{"line":116,"column":null}},"73":{"start":{"line":119,"column":2},"end":{"line":119,"column":null}},"74":{"start":{"line":123,"column":15},"end":{"line":136,"column":null}},"75":{"start":{"line":138,"column":19},"end":{"line":151,"column":null}},"76":{"start":{"line":155,"column":19},"end":{"line":162,"column":null}},"77":{"start":{"line":164,"column":2},"end":{"line":166,"column":null}},"78":{"start":{"line":165,"column":4},"end":{"line":165,"column":null}},"79":{"start":{"line":167,"column":2},"end":{"line":167,"column":null}},"80":{"start":{"line":174,"column":20},"end":{"line":174,"column":null}},"81":{"start":{"line":176,"column":2},"end":{"line":206,"column":null}},"82":{"start":{"line":177,"column":19},"end":{"line":177,"column":null}},"83":{"start":{"line":178,"column":20},"end":{"line":178,"column":null}},"84":{"start":{"line":180,"column":21},"end":{"line":180,"column":null}},"85":{"start":{"line":181,"column":23},"end":{"line":181,"column":null}},"86":{"start":{"line":184,"column":20},"end":{"line":184,"column":null}},"87":{"start":{"line":185,"column":22},"end":{"line":185,"column":null}},"88":{"start":{"line":186,"column":26},"end":{"line":186,"column":null}},"89":{"start":{"line":188,"column":4},"end":{"line":203,"column":null}},"90":{"start":{"line":189,"column":6},"end":{"line":189,"column":null}},"91":{"start":{"line":191,"column":6},"end":{"line":202,"column":null}},"92":{"start":{"line":192,"column":16},"end":{"line":192,"column":69}},"93":{"start":{"line":192,"column":69},"end":{"line":192,"column":null}},"94":{"start":{"line":193,"column":16},"end":{"line":193,"column":68}},"
[...]
1,"column":58},"end":{"line":1001,"column":null}},"type":"binary-expr","locations":[{"start":{"line":1001,"column":58},"end":{"line":1001,"column":75}},{"start":{"line":1001,"column":75},"end":{"line":1001,"column":null}}],"line":1001},"22":{"loc":{"start":{"line":1013,"column":4},"end":{"line":1031,"column":null}},"type":"if","locations":[{"start":{"line":1013,"column":4},"end":{"line":1031,"column":null}},{"start":{},"end":{}}],"line":1013},"23":{"loc":{"start":{"line":1019,"column":6},"end":{"line":1030,"column":null}},"type":"if","locations":[{"start":{"line":1019,"column":6},"end":{"line":1030,"column":null}},{"start":{"line":1021,"column":13},"end":{"line":1030,"column":null}}],"line":1019},"24":{"loc":{"start":{"line":1024,"column":26},"end":{"line":1024,"column":null}},"type":"cond-expr","locations":[{"start":{"line":1024,"column":70},"end":{"line":1024,"column":74}},{"start":{"line":1024,"column":74},"end":{"line":1024,"column":null}}],"line":1024},"25":{"loc":{"start":{"line":1036,"column":4},"end":{"line":1048,"column":null}},"type":"if","locations":[{"start":{"line":1036,"column":4},"end":{"line":1048,"column":null}},{"start":{"line":1038,"column":11},"end":{"line":1048,"column":null}}],"line":1036},"26":{"loc":{"start":{"line":1036,"column":8},"end":{"line":1036,"column":119}},"type":"binary-expr","locations":[{"start":{"line":1036,"column":8},"end":{"line":1036,"column":42}},{"start":{"line":1036,"column":42},"end":{"line":1036,"column":81}},{"start":{"line":1036,"column":81},"end":{"line":1036,"column":119}}],"line":1036},"27":{"loc":{"start":{"line":1038,"column":11},"end":{"line":1048,"column":null}},"type":"if","locations":[{"start":{"line":1038,"column":11},"end":{"line":1048,"column":null}},{"start":{"line":1040,"column":11},"end":{"line":1048,"column":null}}],"line":1038},"28":{"loc":{"start":{"line":1038,"column":15},"end":{"line":1038,"column":131}},"type":"binary-expr","locations":[{"start":{"line":1038,"column":15},"end":{"line":1038,"column":54}},{"start":{"line":1038,"column":54},"end":{"line":1038,"column":90}},{"start":{"line":1038,"column":90},"end":{"line":1038,"column":131}}],"line":1038},"29":{"loc":{"start":{"line":1040,"column":11},"end":{"line":1048,"column":null}},"type":"if","locations":[{"start":{"line":1040,"column":11},"end":{"line":1048,"column":null}},{"start":{"line":1042,"column":11},"end":{"line":1048,"column":null}}],"line":1040},"30":{"loc":{"start":{"line":1040,"column":15},"end":{"line":1040,"column":135}},"type":"binary-expr","locations":[{"start":{"line":1040,"column":15},"end":{"line":1040,"column":60}},{"start":{"line":1040,"column":60},"end":{"line":1040,"column":99}},{"start":{"line":1040,"column":99},"end":{"line":1040,"column":135}}],"line":1040},"31":{"loc":{"start":{"line":1042,"column":11},"end":{"line":1048,"column":null}},"type":"if","locations":[{"start":{"line":1042,"column":11},"end":{"line":1048,"column":null}},{"start":{"line":1044,"column":11},"end":{"line":1048,"column":null}}],"line":1042},"32":{"loc":{"start":{"line":1042,"column":15},"end":{"line":1042,"column":118}},"type":"binary-expr","locations":[{"start":{"line":1042,"column":15},"end":{"line":1042,"column":48}},{"start":{"line":1042,"column":48},"end":{"line":1042,"column":83}},{"start":{"line":1042,"column":83},"end":{"line":1042,"column":118}}],"line":1042},"33":{"loc":{"start":{"line":1044,"column":11},"end":{"line":1048,"column":null}},"type":"if","locations":[{"start":{"line":1044,"column":11},"end":{"line":1048,"column":null}},{"start":{"line":1046,"column":11},"end":{"line":1048,"column":null}}],"line":1044},"34":{"loc":{"start":{"line":1044,"column":15},"end":{"line":1044,"column":84}},"type":"binary-expr","locations":[{"start":{"line":1044,"column":15},"end":{"line":1044,"column":51}},{"start":{"line":1044,"column":51},"end":{"line":1044,"column":84}}],"line":1044},"35":{"loc":{"start":{"line":1056,"column":4},"end":{"line":1061,"column":null}},"type":"switch","locations":[{"start":{"line":1057,"column":6},"end":{"line":1057,"column":null}},{"start":{"line":1058,"column":6},"end":{"line":1058,"column":null}},{"start":{"line":1059,"column":6},"end":{"line":1059,"column":null}},{"start":{"line":1060,"column":6},"end":{"line":1060,"column":null}}],"line":1056},"36":{"loc":{"start":{"line":1065,"column":4},"end":{"line":1070,"column":null}},"type":"switch","locations":[{"start":{"line":1066,"column":6},"end":{"line":1066,"column":null}},{"start":{"line":1067,"column":6},"end":{"line":1067,"column":null}},{"start":{"line":1068,"column":6},"end":{"line":1068,"column":null}},{"start":{"line":1069,"column":6},"end":{"line":1069,"column":null}}],"line":1065},"37":{"loc":{"start":{"line":1074,"column":2},"end":{"line":1142,"column":null}},"type":"if","locations":[{"start":{"line":1074,"column":2},"end":{"line":1142,"column":null}},{"start":{},"end":{}}],"line":1074},"38":{"loc":{"start":{"line":1129,"column":31},"end":{"line":1129,"column":null}},"type":"binary-expr","locations":[{"start":{"line":1129,"column":31},"end":{"line":1129,"column":48}},{"start":{"line":1129,"column":48},"end":{"line":1129,"column":null}}],"line":1129},"39":{"loc":{"start":{"line":1144,"column":2},"end":{"line":1242,"column":null}},"type":"if","locations":[{"start":{"line":1144,"column":2},"end":{"line":1242,"column":null}},{"start":{},"end":{}}],"line":1144},"40":{"loc":{"start":{"line":1229,"column":31},"end":{"line":1229,"column":null}},"type":"binary-expr","locations":[{"start":{"line":1229,"column":31},"end":{"line":1229,"column":47}},{"start":{"line":1229,"column":47},"end":{"line":1229,"column":null}}],"line":1229},"41":{"loc":{"start":{"line":1244,"column":2},"end":{"line":1328,"column":null}},"type":"if","locations":[{"start":{"line":1244,"column":2},"end":{"line":1328,"column":null}},{"start":{},"end":{}}],"line":1244},"42":{"loc":{"start":{"line":1330,"column":2},"end":{"line":1445,"column":null}},"type":"if","locations":[{"start":{"line":1330,"column":2},"end":{"line":1445,"column":null}},{"start":{},"end":{}}],"line":1330},"43":{"loc":{"start":{"line":1330,"column":6},"end":{"line":1330,"column":74}},"type":"binary-expr","locations":[{"start":{"line":1330,"column":6},"end":{"line":1330,"column":35}},{"start":{"line":1330,"column":35},"end":{"line":1330,"column":53}},{"start":{"line":1330,"column":53},"end":{"line":1330,"column":74}}],"line":1330},"44":{"loc":{"start":{"line":1448,"column":2},"end":{"line":1615,"column":null}},"type":"if","locations":[{"start":{"line":1448,"column":2},"end":{"line":1615,"column":null}},{"start":{},"end":{}}],"line":1448},"45":{"loc":{"start":{"line":1448,"column":6},"end":{"line":1448,"column":57}},"type":"binary-expr","locations":[{"start":{"line":1448,"column":6},"end":{"line":1448,"column":35}},{"start":{"line":1448,"column":35},"end":{"line":1448,"column":57}}],"line":1448},"46":{"loc":{"start":{"line":1452,"column":4},"end":{"line":1464,"column":null}},"type":"if","locations":[{"start":{"line":1452,"column":4},"end":{"line":1464,"column":null}},{"start":{},"end":{}}],"line":1452},"47":{"loc":{"start":{"line":1477,"column":20},"end":{"line":1481,"column":null}},"type":"if","locations":[{"start":{"line":1477,"column":20},"end":{"line":1481,"column":null}},{"start":{"line":1479,"column":27},"end":{"line":1481,"column":null}}],"line":1477},"48":{"loc":{"start":{"line":1495,"column":22},"end":{"line":1499,"column":null}},"type":"cond-expr","locations":[{"start":{"line":1496,"column":26},"end":{"line":1496,"column":null}},{"start":{"line":1497,"column":26},"end":{"line":1499,"column":null}}],"line":1495},"49":{"loc":{"start":{"line":1497,"column":26},"end":{"line":1499,"column":null}},"type":"cond-expr","locations":[{"start":{"line":1498,"column":26},"end":{"line":1498,"column":null}},{"start":{"line":1499,"column":26},"end":{"line":1499,"column":null}}],"line":1497},"50":{"loc":{"start":{"line":1505,"column":24},"end":{"line":1507,"column":null}},"type":"cond-expr","locations":[{"start":{"line":1506,"column":28},"end":{"line":1506,"column":null}},{"start":{"line":1507,"column":28},"end":{"line":1507,"column":null}}],"line":1505},"51":{"loc":{"start":{"line":1553,"column":27},"end":{"line":1553,"column":null}},"type":"cond-expr","locations":[{"start":{"line":1553,"column":54},"end":{"line":1553,"column":66}},{"start":{"line":1553,"column":66},"end":{"line":1553,"column":null}}],"line":1553},"52":{"loc":{"start":{"line":1560,"column":22},"end":{"line":1560,"column":null}},"type":"cond-expr","locations":[{"start":{"line":1560,"column":49},"end":{"line":1560,"column":90}},{"start":{"line":1560,"column":90},"end":{"line":1560,"column":null}}],"line":1560},"53":{"loc":{"start":{"line":1599,"column":22},"end":{"line":1599,"column":null}},"type":"binary-expr","locations":[{"start":{"line":1599,"column":22},"end":{"line":1599,"column":49}},{"start":{"line":1599,"column":49},"end":{"line":1599,"column":null}}],"line":1599},"54":{"loc":{"start":{"line":1609,"column":13},"end":{"line":1609,"column":null}},"type":"cond-expr","locations":[{"start":{"line":1609,"column":61},"end":{"line":1609,"column":75}},{"start":{"line":1609,"column":75},"end":{"line":1609,"column":null}}],"line":1609}},"s":{"0":2,"1":80,"2":80,"3":80,"4":80,"5":80,"6":80,"7":80,"8":80,"9":80,"10":80,"11":0,"12":0,"13":80,"14":0,"15":0,"16":80,"17":2,"18":1,"19":1,"20":0,"21":0,"22":80,"23":0,"24":0,"25":0,"26":0,"27":0,"28":80,"29":9,"30":9,"31":80,"32":2,"33":2,"34":80,"35":0,"36":0,"37":0,"38":0,"39":0,"40":0,"41":0,"42":0,"43":0,"44":0,"45":0,"46":0,"47":0,"48":0,"49":0,"50":0,"51":0,"52":0,"53":80,"54":2,"55":2,"56":2,"57":2,"58":80,"59":2,"60":2,"61":2,"62":80,"63":1,"64":1,"65":80,"66":0,"67":0,"68":0,"69":0,"70":0,"71":0,"72":0,"73":80,"74":80,"75":80,"76":80,"77":80,"78":80,"79":80,"80":80,"81":80,"82":80,"83":80,"84":80,"85":37,"86":2,"87":80,"88":2,"89":0,"90":2,"91":2,"92":2,"93":1,"94":0,"95":1,"96":1,"97":1,"98":1,"99":1,"100":1,"101":1,"102":2,"103":80,"104":0,"105":80,"106":0,"107":0,"108":0,"109":0,"110":0,"111":0,"112":0,"113":0,"114":0,"115":0,"116":0,"117":80,"118":0,"119":0,"120":0,"121":0,"122":0,"123":0,"124":0,"125":0,"126":0,"127":0,"128":0,"129":0,"130":80,"131":0,"132":80,"133":2,"134":1,"135":1,"136":0,"137":0,"138":80,"139":2,"140":1,"141":1,"142":0,"143":0,"144":80,"145":0,"146":10,"147":9,"148":54,"149":0,"150":39,"151":0,"152":0,"153":0,"154":0,"155":2,"156":6,"157":4,"158":0,"159":0,"160":4,"161":2,"162":2,"163":2,"164":0,"165":0,"166":0,"167":18,"168":18,"169":0},"f":{"0":80,"1":0,"2":0,"3":2,"4":0,"5":9,"6":2,"7":0,"8":0,"9":0,"10":2,"11":2,"12":1,"13":0,"14":37,"15":2,"16":0,"17":0,"18":0,"19":0,"20":0,"21":2,"22":2,"23":0,"24":10,"25":9,"26":0,"27":39,"28":0,"29":0,"30":0,"31":0,"32":2,"33":0,"34":0,"35":0,"36":18,"37":18,"38":0},"b":{"0":[80,80],"1":[0,0],"2":[0,0],"3":[1,1,1,1,0,0,0],"4":[0,0],"5":[0,0],"6":[0,0],"7":[0,0],"8":[0,0],"9":[2,0],"10":[2,0],"11":[2,0],"12":[2,0],"13":[1,0],"14":[0,0],"15":[0,0],"16":[0,0],"17":[2,35],"18":[37,2,2],"19":[0,2],"20":[0,1],"21":[1,0],"22":[0,0],"23":[0,0],"24":[0,0],"25":[0,0],"26":[0,0,0],"27":[0,0],"28":[0,0,0],"29":[0,0],"30":[0,0,0],"31":[0,0],"32":[0,0,0],"33":[0,0],"34":[0,0],"35":[1,1,0,0],"36":[1,1,0,0],"37":[26,54],"38":[9,9],"39":[48,6],"40":[2,2],"41":[2,4],"42":[0,4],"43":[4,0,0],"44":[2,2],"45":[4,4],"46":[0,2],"47":[0,0],"48":[2,6],"49":[4,2],"50":[4,2],"51":[0,8],"52":[0,8],"53":[2,0],"54":[1,1]},"meta":{"lastBranch":55,"lastFunction":39,"lastStatement":170,"seen":{"s:30:19:1629:Infinity":0,"f:30:19:30:Infinity":0,"s:31:8:31:Infinity":1,"s:32:22:32:Infinity":2,"s:33:34:33:Infinity":3,"s:34:19:34:Infinity":4,"b:34:28:34:60:34:60:34:Infinity":0,"s:35:33:35:Infinity":5,"s:38:37:38:Infinity":6,"s:39:41:39:Infinity":7,"s:40:39:40:Infinity":8,"s:42:44:47:Infinity":9,"s:50:26:380:Infinity":10,"f:50:26:50:27":1,"s:51:47:377:Infinity":11,"s:379:4:379:44":12,"b:379:11:379:28:379:32:379:42":1,"s:383:24:396:Infinity":13,"f:383:24:383:25":2,"s:384:51:393:Infinity":14,"s:395:4:395:52":15,"b:395:11:395:32:395:36:395:50":2,"s:399:32:413:Infinity":16,"f:399:32:399:33":3,"b:401:6:401:Infinity:402:6:403:Infinity:404:6:404:Infinity:405:6:406:Infinity:407:6:407:Infinity:408:6:409:Infinity:410:6:411:Infinity":3,"s:400:4:412:Infinity":17,"s:403:8:403:Infinity":18,"s:406:8:406:Infinity":19,"s:409:8:409:Infinity":20,"s:411:8:411:Infinity":21,"s:417:23:421:Infinity":22,"f:417:23:417:24":4,"b:418:4:418:Infinity:undefined:undefined:undefined:undefined":4,"s:418:4:418:Infinity":23,"s:418:26:418:Infinity":24,"b:419:4:419:Infinity:undefined:undefined:undefined:undefined":5,"s:419:4:419:Infinity":25,"s:419:26:419:Infinity":26,"s:420:4:420:Infinity":27,"s:424:31:427:Infinity":28,"f:424:31:424:32":5,"s:425:4:425:Infinity":29,"s:426:4:426:Infinity":30,"s:429:28:432:Infinity":31,"f:429:28:429:29":6,"s:430:4:430:Infinity":32,"s:431:4:431:Infinity":33,"s:434:31:481:Infinity":34,"f:434:31:434:Infinity":7,"s:435:23:435:Infinity":35,"s:436:10:436:Infinity":36,"s:438:4:438:Infinity":37,"s:439:4:439:Infinity":38,"s:442:27:452:Infinity":39,"f:445:36:445:41":8,"s:445:41:445:56":40,"s:455:33:455:35":41,"s:456:38:456:40":42,"s:458:4:473:Infinity":43,"f:458:20:458:21":9,"b:459:6:472:Infinity:undefined:undefined:undefined:undefined":6,"s:459:6:472:Infinity":44,"s:460:8:466:Infinity":45,"b:462:22:462:54:462:58:462:Infinity":7,"s:468:22:468:Infinity":46,"b:469:8:471:Infinity:undefined:undefined:undefined:undefined":8,"s:469:8:471:Infinity":47,"s:470:10:470:Infinity":48,"s:476:4:476:Infinity":49,"s:477:4:477:Infinity":50,"s:478:4:478:Infinity":51,"s:480:4:480:Infinity":52,"s:484:34:603:Infinity":53,"f:484:34:484:35":10,"s:485:75:586:Infinity":54,"s:588:26:588:65":55,"b:588:26:588:47:588:51:588:65":9,"s:589:24:589:68":56,"b:589:24:589:48:589:52:589:68":10,"s:591:4:602:Infinity":57,"s:606:32:628:Infinity":58,"f:606:32:606:33":11,"s:607:71:624:Infinity":59,"s:626:26:626:57":60,"b:626:26:626:43:626:47:626:57":11,"s:627:4:627:Infinity":61,"b:627:11:627:35:627:39:627:55":12,"s:631:36:888:Infinity":62,"f:631:36:631:37":12,"s:632:65:885:Infinity":63,"s:887:4:887:Infinity":64,"b:887:11:887:38:887:42:887:61":13,"s:891:30:940:Infinity":65,"f:891:30:891:31":13,"s:892:91:933:Infinity":66,"s:935:31:935:72":67,"b:935:31:935:53:935:57:935:72":14,"b:937:4:937:Infinity:undefined:undefined:undefined:undefined":15,"s:937:4:937:Infinity":68,"s:937:26:937:Infinity":69,"b:938:4:938:Infinity:undefined:undefined:undefined:undefined":16,"s:938:4:938:Infinity":70,"s:938:26:938:Infinity":71,"s:939:4:939:Infinity":72,"s:942:55:942:Infinity":73,"s:943:43:943:Infinity":74,"s:944:29:944:Infinity":75,"s:945:33:945:Infinity":76,"s:946:45:946:Infinity":77,"s:947:41:947:Infinity":78,"s:948:25:948:Infinity":79,"s:949:39:949:Infinity":80,"s:950:51:950:Infinity":81,"s:951:35:951:Infinity":82,"s:952:43:952:Infinity":83,"s:955:2:959:Infinity":84,"f:955:12:955:Infinity":14,"b:956:4:958:Infinity:undefined:undefined:undefined:undefined":17,"s:956:4:958:Infinity":85,"b:956:8:956:37:956:37:956:54:956:54:956:71":18,"s:957:6:957:Infinity":86,"s:961:28:1006:Infinity":87,"f:961:28:961:Infinity":15,"b:962:4:962:Infinity:undefined:undefined:undefined:undefined":19,"s:962:4:962:Infinity":88,"s:962:24:962:Infinity":89,"s:964:4:964:Infinity":90,"s:965:4:1005:Infinity":91,"s:966:23:986:Infinity":92,"b:988:6:990:Infinity:undefined:undefined:undefined:undefined":20,"s:988:6:990:Infinity":93,"s:989:8:989:Infinity":94,"s:992:19:992:Infinity":95,"s:993:22:993:53":96,"s:996:28:996:Infinity":97,"s:997:6:997:Infinity":98,"s:999:6:999:Infinity":99,"s:1001:32:1001:Infinity":100,"b:1001:58:1001:75:1001:75:1001:Infinity":21,"s:1002:6:1002:Infinity":101,"s:1004:6:1004:Infinity":102,"s:1008:29:1010:Infinity":103,"f:1008:29:1008:30":16,"s:1009:4:1009:Infinity":104,"s:1012:29:1032:Infinity":105,"f:1012:29:1012:Infinity":17,"b:1013:4:1031:Infinity:undefined:undefined:undefined:undefined":22,"s:1013:4:1031:Infinity":106,"s:1014:25:1014:Infinity":107,"s:1015:6:1015:Infinity":108,"s:1016:6:1016:Infinity":109,"s:1017:6:1017:Infinity":110,"b:1019:6:1030:Infinity:1021:13:1030:Infinity":23,"s:1019:6:1030:Infinity":111,"s:1020:8:1020:Infinity":112,"s:1023:29:1025:Infinity":113,"f:1023:47:1023:48":18,"s:1024:10:1024:Infinity":114,"b:1024:70:1024:74:1024:74:1024:Infinity":24,"s:1026:8:1026:Infinity":115,"s:1029:8:1029:Infinity":116,"s:1034:27:1049:Infinity":117,"f:1034:27:1034:28":19,"s:1035:25:1035:Infinity":118,"b:1036:4:1048:Infinity:1038:11:1048:Infinity":25,"s:1036:4:1048:Infinity":119,"b:1036:8:1036:42:1036:42:1036:81:1036:81:1036:119":26,"s:1037:6:1037:Infinity":120,"b:1038:11:1048:Infinity:1040:11:1048:Infinity":27,"s:1038:11:1048:Infinity":121,"b:1038:15:1038:54:1038:54:1038:90:1038:90:1038:131":28,"s:1039:6:1039:Infinity":122,"b:1040:11:1048:Infinity:1042:11:1048:Infinity":29,"s:1040:11:1048:Infinity":123,"b:1040:15:1040:60:1040:60:1040:99:1040:99:1040:135":30,"s:1041:6:1041:Infinity":124,"b:1042:11:1048:Infinity:1044:11:1048:Infinity":31,"s:1042:11:1048:Infinity":125,"b:1042:15:1042:48:1042:48:1042:83:1042:83:1042:118":32,"s:1043:6:1043:Infinity":126,"b:1044:11:1048:Infinity:1046:11:1048:Infinity":33,"s:1044:11:1048:Infinity":127,"b:1044:15:1044:51:1044:51:1044:84":34,"s:1045:6:1045:Infinity":128,"s:1047:6:1047:Infinity":129,"s:1051:32:1053:Infinity":130,"f:1051:32:1051:Infinity":20,"s:1052:4:1052:Infinity":131,"s:1055:29:1062:Infinity":132,"f:1055:29:1055:30":21,"b:1057:6:1057:Infinity:1058:6:1058:Infinity:1059:6:1059:Infinity:1060:6:1060:Infinity":35,"s:1056:4:1061:Infinity":133,"s:1057:19:1057:Infinity":134,"s:1058:21:1058:Infinity":135,"s:1059:19:1059:Infinity":136,"s:1060:15:1060:Infinity":137,"s:1064:28:1071:Infinity":138,"f:1064:28:1064:29":22,"b:1066:6:1066:Infinity:1067:6:1067:Infinity:1068:6:1068:Infinity:1069:6:1069:Infinity":36,"s:1065:4:1070:Infinity":139,"s:1066:19:1066:Infinity":140,"s:1067:21:1067:Infinity":141,"s:1068:19:1068:Infinity":142,"s:1069:15:1069:Infinity":143,"b:1074:2:1142:Infinity:undefined:undefined:undefined:undefined":37,"s:1074:2:1142:Infinity":144,"f:1084:27:1084:33":23,"s:1084:33:1084:Infinity":145,"f:1112:41:1112:42":24,"s:1112:52:1112:90":146,"f:1129:25:1129:31":25,"s:1129:31:1129:Infinity":147,"b:1129:31:1129:48:1129:48:1129:Infinity":38,"b:1144:2:1242:Infinity:undefined:undefined:undefined:undefined":39,"s:1144:2:1242:Infinity":148,"f:1154:27:1154:33":26,"s:1154:33:1154:Infinity":149,"f:1188:28:1188:29":27,"s:1188:35:1188:Infinity":150,"f:1196:27:1196:33":28,"s:1196:33:1196:Infinity":151,"f:1204:27:1204:33":29,"s:1204:33:1204:Infinity":152,"f:1212:27:1212:33":30,"s:1212:33:1212:Infinity":153,"f:1220:27:1220:33":31,"s:1220:33:1220:Infinity":154,"f:1229:25:1229:31":32,"s:1229:31:1229:Infinity":155,"b:1229:31:1229:47:1229:47:1229:Infinity":40,"b:1244:2:1328:Infinity:undefined:undefined:undefined:undefined":41,"s:1244:2:1328:Infinity":156,"b:1330:2:1445:Infinity:undefined:undefined:undefined:undefined":42,"s:1330:2:1445:Infinity":157,"b:1330:6:1330:35:1330:35:1330:53:1330:53:1330:74":43,"f:1430:37:1430:43":33,"s:1430:43:1430:77":158,"f:1434:55:1434:61":34,"s:1434:61:1434:83":159,"b:1448:2:1615:Infinity:undefined:undefined:undefined:undefined":44,"s:1448:2:1615:Infinity":160,"b:1448:6:1448:35:1448:35:1448:57":45,"s:1449:28:1449:59":161,"s:1450:21:1450:Infinity":162,"b:1452:4:1464:Infinity:undefined:undefined:undefined:undefined":46,"s:1452:4:1464:Infinity":163,"f:1476:27:1476:Infinity":35,"b:1477:20:1481:Infinity:1479:27:1481:Infinity":47,"s:1477:20:1481:Infinity":164,"s:1478:22:1478:Infinity":165,"s:1480:22:1480:Infinity":166,"b:1496:26:1496:Infinity:1497:26:1499:Infinity":48,"b:1498:26:1498:Infinity:1499:26:1499:Infinity":49,"f:1497:52:1497:57":36,"s:1497:57:1497:81":167,"b:1506:28:1506:Infinity:1507:28:1507:Infinity":50,"f:1505:50:1505:55":37,"s:1505:55:1505:79":168,"b:1553:54:1553:66:1553:66:1553:Infinity":51,"f:1555:27:1555:33":38,"s:1555:33:1555:Infinity":169,"b:1560:49:1560:90:1560:90:1560:Infinity":52,"b:1599:22:1599:49:1599:49:1599:Infinity":53,"b:1609:61:1609:75:1609:75:1609:Infinity":54}}}
}
